2026-02-24 01:22:58,522 | INFO | ===== ARIMAX Rolling Search Start =====
2026-02-24 01:22:58,523 | INFO | Fit config: method=lbfgs, maxiter=50, cov_type=none
2026-02-24 01:22:58,544 | INFO | Rows before dropna=4049, after=4028, dropped=21
2026-02-24 01:22:58,545 | INFO | Using 9 features: ['ma_gap_20', 'vol_10', 'vol_20', 'lower_wick', 'upper_wick', 'ret_1', 'range_pct', 'co_ret', 'ret_5']
2026-02-24 01:22:58,545 | INFO | Data rows after dropna: 4028 | window=14
2026-02-24 01:22:58,546 | INFO | Orders to try: [(1, 0, 0), (2, 0, 0), (1, 0, 1), (2, 0, 1), (1, 0, 2), (2, 0, 2)]
2026-02-24 01:22:58,547 | INFO | --- Trying order=(1, 0, 0) ---
2026-02-24 01:22:59,747 | INFO | Order=(1, 0, 0) progress 25/4014 | fails=0 | elapsed=1.2s
2026-02-24 01:23:00,993 | INFO | Order=(1, 0, 0) progress 50/4014 | fails=0 | elapsed=2.4s
2026-02-24 01:23:02,223 | INFO | Order=(1, 0, 0) progress 75/4014 | fails=0 | elapsed=3.7s
2026-02-24 01:23:03,375 | INFO | Order=(1, 0, 0) progress 100/4014 | fails=0 | elapsed=4.8s
2026-02-24 01:23:04,514 | INFO | Order=(1, 0, 0) progress 125/4014 | fails=0 | elapsed=6.0s
2026-02-24 01:23:05,622 | INFO | Order=(1, 0, 0) progress 150/4014 | fails=0 | elapsed=7.1s
2026-02-24 01:23:06,755 | INFO | Order=(1, 0, 0) progress 175/4014 | fails=0 | elapsed=8.2s
2026-02-24 01:23:07,900 | INFO | Order=(1, 0, 0) progress 200/4014 | fails=0 | elapsed=9.4s
2026-02-24 01:23:09,026 | INFO | Order=(1, 0, 0) progress 225/4014 | fails=0 | elapsed=10.5s
2026-02-24 01:23:10,157 | INFO | Order=(1, 0, 0) progress 250/4014 | fails=0 | elapsed=11.6s
2026-02-24 01:23:11,351 | INFO | Order=(1, 0, 0) progress 275/4014 | fails=0 | elapsed=12.8s
2026-02-24 01:23:12,567 | INFO | Order=(1, 0, 0) progress 300/4014 | fails=0 | elapsed=14.0s
2026-02-24 01:23:13,724 | INFO | Order=(1, 0, 0) progress 325/4014 | fails=0 | elapsed=15.2s
2026-02-24 01:23:14,867 | INFO | Order=(1, 0, 0) progress 350/4014 | fails=0 | elapsed=16.3s
2026-02-24 01:23:15,992 | INFO | Order=(1, 0, 0) progress 375/4014 | fails=0 | elapsed=17.4s
2026-02-24 01:23:17,114 | INFO | Order=(1, 0, 0) progress 400/4014 | fails=0 | elapsed=18.6s
2026-02-24 01:23:18,247 | INFO | Order=(1, 0, 0) progress 425/4014 | fails=0 | elapsed=19.7s
2026-02-24 01:23:19,381 | INFO | Order=(1, 0, 0) progress 450/4014 | fails=0 | elapsed=20.8s
2026-02-24 01:23:20,479 | INFO | Order=(1, 0, 0) progress 475/4014 | fails=0 | elapsed=21.9s
2026-02-24 01:23:21,613 | INFO | Order=(1, 0, 0) progress 500/4014 | fails=0 | elapsed=23.1s
2026-02-24 01:23:22,725 | INFO | Order=(1, 0, 0) progress 525/4014 | fails=0 | elapsed=24.2s
2026-02-24 01:23:23,890 | INFO | Order=(1, 0, 0) progress 550/4014 | fails=0 | elapsed=25.3s
2026-02-24 01:23:25,039 | INFO | Order=(1, 0, 0) progress 575/4014 | fails=0 | elapsed=26.5s
2026-02-24 01:23:26,173 | INFO | Order=(1, 0, 0) progress 600/4014 | fails=0 | elapsed=27.6s
2026-02-24 01:23:27,306 | INFO | Order=(1, 0, 0) progress 625/4014 | fails=0 | elapsed=28.8s
2026-02-24 01:23:28,431 | INFO | Order=(1, 0, 0) progress 650/4014 | fails=0 | elapsed=29.9s
2026-02-24 01:23:29,530 | INFO | Order=(1, 0, 0) progress 675/4014 | fails=0 | elapsed=31.0s
2026-02-24 01:23:30,664 | INFO | Order=(1, 0, 0) progress 700/4014 | fails=0 | elapsed=32.1s
2026-02-24 01:23:31,868 | INFO | Order=(1, 0, 0) progress 725/4014 | fails=0 | elapsed=33.3s
2026-02-24 01:23:32,999 | INFO | Order=(1, 0, 0) progress 750/4014 | fails=0 | elapsed=34.5s
2026-02-24 01:23:34,166 | INFO | Order=(1, 0, 0) progress 775/4014 | fails=0 | elapsed=35.6s
2026-02-24 01:23:35,268 | INFO | Order=(1, 0, 0) progress 800/4014 | fails=0 | elapsed=36.7s
2026-02-24 01:23:36,400 | INFO | Order=(1, 0, 0) progress 825/4014 | fails=0 | elapsed=37.9s
2026-02-24 01:23:37,532 | INFO | Order=(1, 0, 0) progress 850/4014 | fails=0 | elapsed=39.0s
2026-02-24 01:23:38,689 | INFO | Order=(1, 0, 0) progress 875/4014 | fails=0 | elapsed=40.1s
2026-02-24 01:23:39,816 | INFO | Order=(1, 0, 0) progress 900/4014 | fails=0 | elapsed=41.3s
2026-02-24 01:23:40,941 | INFO | Order=(1, 0, 0) progress 925/4014 | fails=0 | elapsed=42.4s
2026-02-24 01:23:42,055 | INFO | Order=(1, 0, 0) progress 950/4014 | fails=0 | elapsed=43.5s
2026-02-24 01:23:43,180 | INFO | Order=(1, 0, 0) progress 975/4014 | fails=0 | elapsed=44.6s
2026-02-24 01:23:44,308 | INFO | Order=(1, 0, 0) progress 1000/4014 | fails=0 | elapsed=45.8s
2026-02-24 01:23:45,425 | INFO | Order=(1, 0, 0) progress 1025/4014 | fails=0 | elapsed=46.9s
2026-02-24 01:23:46,546 | INFO | Order=(1, 0, 0) progress 1050/4014 | fails=0 | elapsed=48.0s
2026-02-24 01:23:47,674 | INFO | Order=(1, 0, 0) progress 1075/4014 | fails=0 | elapsed=49.1s
2026-02-24 01:23:48,797 | INFO | Order=(1, 0, 0) progress 1100/4014 | fails=0 | elapsed=50.2s
2026-02-24 01:23:49,969 | INFO | Order=(1, 0, 0) progress 1125/4014 | fails=0 | elapsed=51.4s
2026-02-24 01:23:51,084 | INFO | Order=(1, 0, 0) progress 1150/4014 | fails=0 | elapsed=52.5s
2026-02-24 01:23:52,226 | INFO | Order=(1, 0, 0) progress 1175/4014 | fails=0 | elapsed=53.7s
2026-02-24 01:23:53,360 | INFO | Order=(1, 0, 0) progress 1200/4014 | fails=0 | elapsed=54.8s
2026-02-24 01:23:54,526 | INFO | Order=(1, 0, 0) progress 1225/4014 | fails=0 | elapsed=56.0s
2026-02-24 01:23:55,648 | INFO | Order=(1, 0, 0) progress 1250/4014 | fails=0 | elapsed=57.1s
2026-02-24 01:23:56,769 | INFO | Order=(1, 0, 0) progress 1275/4014 | fails=0 | elapsed=58.2s
2026-02-24 01:23:57,913 | INFO | Order=(1, 0, 0) progress 1300/4014 | fails=0 | elapsed=59.4s
2026-02-24 01:23:59,035 | INFO | Order=(1, 0, 0) progress 1325/4014 | fails=0 | elapsed=60.5s
2026-02-24 01:24:00,162 | INFO | Order=(1, 0, 0) progress 1350/4014 | fails=0 | elapsed=61.6s
2026-02-24 01:24:01,347 | INFO | Order=(1, 0, 0) progress 1375/4014 | fails=0 | elapsed=62.8s
2026-02-24 01:24:02,522 | INFO | Order=(1, 0, 0) progress 1400/4014 | fails=0 | elapsed=64.0s
2026-02-24 01:24:03,683 | INFO | Order=(1, 0, 0) progress 1425/4014 | fails=0 | elapsed=65.1s
2026-02-24 01:24:04,840 | INFO | Order=(1, 0, 0) progress 1450/4014 | fails=0 | elapsed=66.3s
2026-02-24 01:24:05,996 | INFO | Order=(1, 0, 0) progress 1475/4014 | fails=0 | elapsed=67.4s
2026-02-24 01:24:07,169 | INFO | Order=(1, 0, 0) progress 1500/4014 | fails=0 | elapsed=68.6s
2026-02-24 01:24:08,264 | INFO | Order=(1, 0, 0) progress 1525/4014 | fails=0 | elapsed=69.7s
2026-02-24 01:24:09,378 | INFO | Order=(1, 0, 0) progress 1550/4014 | fails=0 | elapsed=70.8s
2026-02-24 01:24:10,492 | INFO | Order=(1, 0, 0) progress 1575/4014 | fails=0 | elapsed=71.9s
2026-02-24 01:24:11,670 | INFO | Order=(1, 0, 0) progress 1600/4014 | fails=0 | elapsed=73.1s
2026-02-24 01:24:12,811 | INFO | Order=(1, 0, 0) progress 1625/4014 | fails=0 | elapsed=74.3s
2026-02-24 01:24:13,899 | INFO | Order=(1, 0, 0) progress 1650/4014 | fails=0 | elapsed=75.4s
2026-02-24 01:24:15,018 | INFO | Order=(1, 0, 0) progress 1675/4014 | fails=0 | elapsed=76.5s
2026-02-24 01:24:16,184 | INFO | Order=(1, 0, 0) progress 1700/4014 | fails=0 | elapsed=77.6s
2026-02-24 01:24:17,297 | INFO | Order=(1, 0, 0) progress 1725/4014 | fails=0 | elapsed=78.7s
2026-02-24 01:24:18,449 | INFO | Order=(1, 0, 0) progress 1750/4014 | fails=0 | elapsed=79.9s
2026-02-24 01:24:19,541 | INFO | Order=(1, 0, 0) progress 1775/4014 | fails=0 | elapsed=81.0s
2026-02-24 01:24:20,636 | INFO | Order=(1, 0, 0) progress 1800/4014 | fails=0 | elapsed=82.1s
2026-02-24 01:24:21,733 | INFO | Order=(1, 0, 0) progress 1825/4014 | fails=0 | elapsed=83.2s
2026-02-24 01:24:22,849 | INFO | Order=(1, 0, 0) progress 1850/4014 | fails=0 | elapsed=84.3s
2026-02-24 01:24:23,968 | INFO | Order=(1, 0, 0) progress 1875/4014 | fails=0 | elapsed=85.4s
2026-02-24 01:24:25,075 | INFO | Order=(1, 0, 0) progress 1900/4014 | fails=0 | elapsed=86.5s
2026-02-24 01:24:26,164 | INFO | Order=(1, 0, 0) progress 1925/4014 | fails=0 | elapsed=87.6s
2026-02-24 01:24:27,272 | INFO | Order=(1, 0, 0) progress 1950/4014 | fails=0 | elapsed=88.7s
2026-02-24 01:24:28,448 | INFO | Order=(1, 0, 0) progress 1975/4014 | fails=0 | elapsed=89.9s
2026-02-24 01:24:29,571 | INFO | Order=(1, 0, 0) progress 2000/4014 | fails=0 | elapsed=91.0s
2026-02-24 01:24:30,714 | INFO | Order=(1, 0, 0) progress 2025/4014 | fails=0 | elapsed=92.2s
2026-02-24 01:24:31,807 | INFO | Order=(1, 0, 0) progress 2050/4014 | fails=0 | elapsed=93.3s
2026-02-24 01:24:32,912 | INFO | Order=(1, 0, 0) progress 2075/4014 | fails=0 | elapsed=94.4s
2026-02-24 01:24:34,048 | INFO | Order=(1, 0, 0) progress 2100/4014 | fails=0 | elapsed=95.5s
2026-02-24 01:24:35,126 | INFO | Order=(1, 0, 0) progress 2125/4014 | fails=0 | elapsed=96.6s
2026-02-24 01:24:36,261 | INFO | Order=(1, 0, 0) progress 2150/4014 | fails=0 | elapsed=97.7s
2026-02-24 01:24:37,380 | INFO | Order=(1, 0, 0) progress 2175/4014 | fails=0 | elapsed=98.8s
2026-02-24 01:24:38,521 | INFO | Order=(1, 0, 0) progress 2200/4014 | fails=0 | elapsed=100.0s
2026-02-24 01:24:39,629 | INFO | Order=(1, 0, 0) progress 2225/4014 | fails=0 | elapsed=101.1s
2026-02-24 01:24:40,768 | INFO | Order=(1, 0, 0) progress 2250/4014 | fails=0 | elapsed=102.2s
2026-02-24 01:24:41,895 | INFO | Order=(1, 0, 0) progress 2275/4014 | fails=0 | elapsed=103.3s
2026-02-24 01:24:43,042 | INFO | Order=(1, 0, 0) progress 2300/4014 | fails=0 | elapsed=104.5s
2026-02-24 01:24:44,169 | INFO | Order=(1, 0, 0) progress 2325/4014 | fails=0 | elapsed=105.6s
2026-02-24 01:24:45,287 | INFO | Order=(1, 0, 0) progress 2350/4014 | fails=0 | elapsed=106.7s
2026-02-24 01:24:46,439 | INFO | Order=(1, 0, 0) progress 2375/4014 | fails=0 | elapsed=107.9s
2026-02-24 01:24:47,581 | INFO | Order=(1, 0, 0) progress 2400/4014 | fails=0 | elapsed=109.0s
2026-02-24 01:24:48,707 | INFO | Order=(1, 0, 0) progress 2425/4014 | fails=0 | elapsed=110.2s
2026-02-24 01:24:49,819 | INFO | Order=(1, 0, 0) progress 2450/4014 | fails=0 | elapsed=111.3s
2026-02-24 01:24:50,917 | INFO | Order=(1, 0, 0) progress 2475/4014 | fails=0 | elapsed=112.4s
2026-02-24 01:24:52,046 | INFO | Order=(1, 0, 0) progress 2500/4014 | fails=0 | elapsed=113.5s
2026-02-24 01:24:53,192 | INFO | Order=(1, 0, 0) progress 2525/4014 | fails=0 | elapsed=114.6s
2026-02-24 01:24:54,313 | INFO | Order=(1, 0, 0) progress 2550/4014 | fails=0 | elapsed=115.8s
2026-02-24 01:24:55,429 | INFO | Order=(1, 0, 0) progress 2575/4014 | fails=0 | elapsed=116.9s
2026-02-24 01:24:56,556 | INFO | Order=(1, 0, 0) progress 2600/4014 | fails=0 | elapsed=118.0s
2026-02-24 01:24:57,668 | INFO | Order=(1, 0, 0) progress 2625/4014 | fails=0 | elapsed=119.1s
2026-02-24 01:24:58,820 | INFO | Order=(1, 0, 0) progress 2650/4014 | fails=0 | elapsed=120.3s
2026-02-24 01:25:00,001 | INFO | Order=(1, 0, 0) progress 2675/4014 | fails=0 | elapsed=121.5s
2026-02-24 01:25:01,233 | INFO | Order=(1, 0, 0) progress 2700/4014 | fails=0 | elapsed=122.7s
2026-02-24 01:25:02,375 | INFO | Order=(1, 0, 0) progress 2725/4014 | fails=0 | elapsed=123.8s
2026-02-24 01:25:03,532 | INFO | Order=(1, 0, 0) progress 2750/4014 | fails=0 | elapsed=125.0s
2026-02-24 01:25:04,684 | INFO | Order=(1, 0, 0) progress 2775/4014 | fails=0 | elapsed=126.1s
2026-02-24 01:25:05,817 | INFO | Order=(1, 0, 0) progress 2800/4014 | fails=0 | elapsed=127.3s
2026-02-24 01:25:06,972 | INFO | Order=(1, 0, 0) progress 2825/4014 | fails=0 | elapsed=128.4s
2026-02-24 01:25:08,099 | INFO | Order=(1, 0, 0) progress 2850/4014 | fails=0 | elapsed=129.6s
2026-02-24 01:25:09,250 | INFO | Order=(1, 0, 0) progress 2875/4014 | fails=0 | elapsed=130.7s
2026-02-24 01:25:10,408 | INFO | Order=(1, 0, 0) progress 2900/4014 | fails=0 | elapsed=131.9s
2026-02-24 01:25:11,541 | INFO | Order=(1, 0, 0) progress 2925/4014 | fails=0 | elapsed=133.0s
2026-02-24 01:25:12,647 | INFO | Order=(1, 0, 0) progress 2950/4014 | fails=0 | elapsed=134.1s
2026-02-24 01:25:13,770 | INFO | Order=(1, 0, 0) progress 2975/4014 | fails=0 | elapsed=135.2s
2026-02-24 01:25:14,912 | INFO | Order=(1, 0, 0) progress 3000/4014 | fails=0 | elapsed=136.4s
2026-02-24 01:25:16,017 | INFO | Order=(1, 0, 0) progress 3025/4014 | fails=0 | elapsed=137.5s
2026-02-24 01:25:17,133 | INFO | Order=(1, 0, 0) progress 3050/4014 | fails=0 | elapsed=138.6s
2026-02-24 01:25:18,246 | INFO | Order=(1, 0, 0) progress 3075/4014 | fails=0 | elapsed=139.7s
2026-02-24 01:25:19,393 | INFO | Order=(1, 0, 0) progress 3100/4014 | fails=0 | elapsed=140.8s
2026-02-24 01:25:20,536 | INFO | Order=(1, 0, 0) progress 3125/4014 | fails=0 | elapsed=142.0s
2026-02-24 01:25:21,670 | INFO | Order=(1, 0, 0) progress 3150/4014 | fails=0 | elapsed=143.1s
2026-02-24 01:25:22,799 | INFO | Order=(1, 0, 0) progress 3175/4014 | fails=0 | elapsed=144.3s
2026-02-24 01:25:23,964 | INFO | Order=(1, 0, 0) progress 3200/4014 | fails=0 | elapsed=145.4s
2026-02-24 01:25:25,085 | INFO | Order=(1, 0, 0) progress 3225/4014 | fails=0 | elapsed=146.5s
2026-02-24 01:25:26,202 | INFO | Order=(1, 0, 0) progress 3250/4014 | fails=0 | elapsed=147.7s
2026-02-24 01:25:27,328 | INFO | Order=(1, 0, 0) progress 3275/4014 | fails=0 | elapsed=148.8s
2026-02-24 01:25:28,411 | INFO | Order=(1, 0, 0) progress 3300/4014 | fails=0 | elapsed=149.9s
2026-02-24 01:25:29,516 | INFO | Order=(1, 0, 0) progress 3325/4014 | fails=0 | elapsed=151.0s
2026-02-24 01:25:30,627 | INFO | Order=(1, 0, 0) progress 3350/4014 | fails=0 | elapsed=152.1s
2026-02-24 01:25:31,756 | INFO | Order=(1, 0, 0) progress 3375/4014 | fails=0 | elapsed=153.2s
2026-02-24 01:25:32,883 | INFO | Order=(1, 0, 0) progress 3400/4014 | fails=0 | elapsed=154.3s
2026-02-24 01:25:34,009 | INFO | Order=(1, 0, 0) progress 3425/4014 | fails=0 | elapsed=155.5s
2026-02-24 01:25:35,109 | INFO | Order=(1, 0, 0) progress 3450/4014 | fails=0 | elapsed=156.6s
2026-02-24 01:25:36,231 | INFO | Order=(1, 0, 0) progress 3475/4014 | fails=0 | elapsed=157.7s
2026-02-24 01:25:37,368 | INFO | Order=(1, 0, 0) progress 3500/4014 | fails=0 | elapsed=158.8s
2026-02-24 01:25:38,481 | INFO | Order=(1, 0, 0) progress 3525/4014 | fails=0 | elapsed=159.9s
2026-02-24 01:25:39,627 | INFO | Order=(1, 0, 0) progress 3550/4014 | fails=0 | elapsed=161.1s
2026-02-24 01:25:40,799 | INFO | Order=(1, 0, 0) progress 3575/4014 | fails=0 | elapsed=162.3s
2026-02-24 01:25:41,910 | INFO | Order=(1, 0, 0) progress 3600/4014 | fails=0 | elapsed=163.4s
2026-02-24 01:25:43,037 | INFO | Order=(1, 0, 0) progress 3625/4014 | fails=0 | elapsed=164.5s
2026-02-24 01:25:44,176 | INFO | Order=(1, 0, 0) progress 3650/4014 | fails=0 | elapsed=165.6s
2026-02-24 01:25:45,312 | INFO | Order=(1, 0, 0) progress 3675/4014 | fails=0 | elapsed=166.8s
2026-02-24 01:25:46,477 | INFO | Order=(1, 0, 0) progress 3700/4014 | fails=0 | elapsed=167.9s
2026-02-24 01:25:47,579 | INFO | Order=(1, 0, 0) progress 3725/4014 | fails=0 | elapsed=169.0s
2026-02-24 01:25:48,702 | INFO | Order=(1, 0, 0) progress 3750/4014 | fails=0 | elapsed=170.2s
2026-02-24 01:25:49,845 | INFO | Order=(1, 0, 0) progress 3775/4014 | fails=0 | elapsed=171.3s
2026-02-24 01:25:50,997 | INFO | Order=(1, 0, 0) progress 3800/4014 | fails=0 | elapsed=172.5s
2026-02-24 01:25:52,123 | INFO | Order=(1, 0, 0) progress 3825/4014 | fails=0 | elapsed=173.6s
2026-02-24 01:25:53,234 | INFO | Order=(1, 0, 0) progress 3850/4014 | fails=0 | elapsed=174.7s
2026-02-24 01:25:54,355 | INFO | Order=(1, 0, 0) progress 3875/4014 | fails=0 | elapsed=175.8s
2026-02-24 01:25:55,508 | INFO | Order=(1, 0, 0) progress 3900/4014 | fails=0 | elapsed=177.0s
2026-02-24 01:25:56,612 | INFO | Order=(1, 0, 0) progress 3925/4014 | fails=0 | elapsed=178.1s
2026-02-24 01:25:57,758 | INFO | Order=(1, 0, 0) progress 3950/4014 | fails=0 | elapsed=179.2s
2026-02-24 01:25:58,888 | INFO | Order=(1, 0, 0) progress 3975/4014 | fails=0 | elapsed=180.3s
2026-02-24 01:26:00,062 | INFO | Order=(1, 0, 0) progress 4000/4014 | fails=0 | elapsed=181.5s
2026-02-24 01:26:00,721 | INFO | Order=(1, 0, 0) progress 4014/4014 | fails=0 | elapsed=182.2s
2026-02-24 01:26:00,723 | INFO | Order=(1, 0, 0) RMSE=0.043896 | ok_preds=4014/4014 | preds=arimax_run\preds_order_1_0_0.csv
2026-02-24 01:26:00,729 | INFO | --- Trying order=(2, 0, 0) ---
2026-02-24 01:26:01,994 | INFO | Order=(2, 0, 0) progress 25/4014 | fails=0 | elapsed=1.3s
2026-02-24 01:26:03,262 | INFO | Order=(2, 0, 0) progress 50/4014 | fails=0 | elapsed=2.5s
2026-02-24 01:26:04,537 | INFO | Order=(2, 0, 0) progress 75/4014 | fails=0 | elapsed=3.8s
2026-02-24 01:26:05,770 | INFO | Order=(2, 0, 0) progress 100/4014 | fails=0 | elapsed=5.0s
2026-02-24 01:26:07,008 | INFO | Order=(2, 0, 0) progress 125/4014 | fails=0 | elapsed=6.3s
2026-02-24 01:26:08,223 | INFO | Order=(2, 0, 0) progress 150/4014 | fails=0 | elapsed=7.5s
2026-02-24 01:26:09,460 | INFO | Order=(2, 0, 0) progress 175/4014 | fails=0 | elapsed=8.7s
2026-02-24 01:26:10,739 | INFO | Order=(2, 0, 0) progress 200/4014 | fails=0 | elapsed=10.0s
2026-02-24 01:26:12,020 | INFO | Order=(2, 0, 0) progress 225/4014 | fails=0 | elapsed=11.3s
2026-02-24 01:26:13,270 | INFO | Order=(2, 0, 0) progress 250/4014 | fails=0 | elapsed=12.5s
2026-02-24 01:26:14,531 | INFO | Order=(2, 0, 0) progress 275/4014 | fails=0 | elapsed=13.8s
2026-02-24 01:26:15,785 | INFO | Order=(2, 0, 0) progress 300/4014 | fails=0 | elapsed=15.1s
2026-02-24 01:26:17,051 | INFO | Order=(2, 0, 0) progress 325/4014 | fails=0 | elapsed=16.3s
2026-02-24 01:26:18,282 | INFO | Order=(2, 0, 0) progress 350/4014 | fails=0 | elapsed=17.6s
2026-02-24 01:26:19,506 | INFO | Order=(2, 0, 0) progress 375/4014 | fails=0 | elapsed=18.8s
2026-02-24 01:26:20,781 | INFO | Order=(2, 0, 0) progress 400/4014 | fails=0 | elapsed=20.1s
2026-02-24 01:26:22,010 | INFO | Order=(2, 0, 0) progress 425/4014 | fails=0 | elapsed=21.3s
2026-02-24 01:26:23,262 | INFO | Order=(2, 0, 0) progress 450/4014 | fails=0 | elapsed=22.5s
2026-02-24 01:26:24,467 | INFO | Order=(2, 0, 0) progress 475/4014 | fails=0 | elapsed=23.7s
2026-02-24 01:26:25,761 | INFO | Order=(2, 0, 0) progress 500/4014 | fails=0 | elapsed=25.0s
2026-02-24 01:26:26,973 | INFO | Order=(2, 0, 0) progress 525/4014 | fails=0 | elapsed=26.2s
2026-02-24 01:26:28,206 | INFO | Order=(2, 0, 0) progress 550/4014 | fails=0 | elapsed=27.5s
2026-02-24 01:26:29,491 | INFO | Order=(2, 0, 0) progress 575/4014 | fails=0 | elapsed=28.8s
2026-02-24 01:26:30,732 | INFO | Order=(2, 0, 0) progress 600/4014 | fails=0 | elapsed=30.0s
2026-02-24 01:26:31,991 | INFO | Order=(2, 0, 0) progress 625/4014 | fails=0 | elapsed=31.3s
2026-02-24 01:26:33,226 | INFO | Order=(2, 0, 0) progress 650/4014 | fails=0 | elapsed=32.5s
2026-02-24 01:26:34,456 | INFO | Order=(2, 0, 0) progress 675/4014 | fails=0 | elapsed=33.7s
2026-02-24 01:26:35,706 | INFO | Order=(2, 0, 0) progress 700/4014 | fails=0 | elapsed=35.0s
2026-02-24 01:26:36,967 | INFO | Order=(2, 0, 0) progress 725/4014 | fails=0 | elapsed=36.2s
2026-02-24 01:26:38,218 | INFO | Order=(2, 0, 0) progress 750/4014 | fails=0 | elapsed=37.5s
2026-02-24 01:26:39,465 | INFO | Order=(2, 0, 0) progress 775/4014 | fails=0 | elapsed=38.7s
2026-02-24 01:26:40,678 | INFO | Order=(2, 0, 0) progress 800/4014 | fails=0 | elapsed=39.9s
2026-02-24 01:26:41,899 | INFO | Order=(2, 0, 0) progress 825/4014 | fails=0 | elapsed=41.2s
2026-02-24 01:26:43,110 | INFO | Order=(2, 0, 0) progress 850/4014 | fails=0 | elapsed=42.4s
2026-02-24 01:26:44,321 | INFO | Order=(2, 0, 0) progress 875/4014 | fails=0 | elapsed=43.6s
2026-02-24 01:26:45,548 | INFO | Order=(2, 0, 0) progress 900/4014 | fails=0 | elapsed=44.8s
2026-02-24 01:26:46,748 | INFO | Order=(2, 0, 0) progress 925/4014 | fails=0 | elapsed=46.0s
2026-02-24 01:26:47,948 | INFO | Order=(2, 0, 0) progress 950/4014 | fails=0 | elapsed=47.2s
2026-02-24 01:26:49,204 | INFO | Order=(2, 0, 0) progress 975/4014 | fails=0 | elapsed=48.5s
2026-02-24 01:26:50,451 | INFO | Order=(2, 0, 0) progress 1000/4014 | fails=0 | elapsed=49.7s
2026-02-24 01:26:51,696 | INFO | Order=(2, 0, 0) progress 1025/4014 | fails=0 | elapsed=51.0s
2026-02-24 01:26:52,924 | INFO | Order=(2, 0, 0) progress 1050/4014 | fails=0 | elapsed=52.2s
2026-02-24 01:26:54,181 | INFO | Order=(2, 0, 0) progress 1075/4014 | fails=0 | elapsed=53.5s
2026-02-24 01:26:55,446 | INFO | Order=(2, 0, 0) progress 1100/4014 | fails=0 | elapsed=54.7s
2026-02-24 01:26:56,679 | INFO | Order=(2, 0, 0) progress 1125/4014 | fails=0 | elapsed=55.9s
2026-02-24 01:26:57,914 | INFO | Order=(2, 0, 0) progress 1150/4014 | fails=0 | elapsed=57.2s
2026-02-24 01:26:59,131 | INFO | Order=(2, 0, 0) progress 1175/4014 | fails=0 | elapsed=58.4s
2026-02-24 01:27:00,397 | INFO | Order=(2, 0, 0) progress 1200/4014 | fails=0 | elapsed=59.7s
2026-02-24 01:27:01,664 | INFO | Order=(2, 0, 0) progress 1225/4014 | fails=0 | elapsed=60.9s
2026-02-24 01:27:02,896 | INFO | Order=(2, 0, 0) progress 1250/4014 | fails=0 | elapsed=62.2s
2026-02-24 01:27:04,150 | INFO | Order=(2, 0, 0) progress 1275/4014 | fails=0 | elapsed=63.4s
2026-02-24 01:27:05,446 | INFO | Order=(2, 0, 0) progress 1300/4014 | fails=0 | elapsed=64.7s
2026-02-24 01:27:06,725 | INFO | Order=(2, 0, 0) progress 1325/4014 | fails=0 | elapsed=66.0s
2026-02-24 01:27:07,942 | INFO | Order=(2, 0, 0) progress 1350/4014 | fails=0 | elapsed=67.2s
2026-02-24 01:27:09,216 | INFO | Order=(2, 0, 0) progress 1375/4014 | fails=0 | elapsed=68.5s
2026-02-24 01:27:10,472 | INFO | Order=(2, 0, 0) progress 1400/4014 | fails=0 | elapsed=69.7s
2026-02-24 01:27:11,768 | INFO | Order=(2, 0, 0) progress 1425/4014 | fails=0 | elapsed=71.0s
2026-02-24 01:27:13,029 | INFO | Order=(2, 0, 0) progress 1450/4014 | fails=0 | elapsed=72.3s
2026-02-24 01:27:14,250 | INFO | Order=(2, 0, 0) progress 1475/4014 | fails=0 | elapsed=73.5s
2026-02-24 01:27:15,539 | INFO | Order=(2, 0, 0) progress 1500/4014 | fails=0 | elapsed=74.8s
2026-02-24 01:27:16,805 | INFO | Order=(2, 0, 0) progress 1525/4014 | fails=0 | elapsed=76.1s
2026-02-24 01:27:18,022 | INFO | Order=(2, 0, 0) progress 1550/4014 | fails=0 | elapsed=77.3s
2026-02-24 01:27:19,255 | INFO | Order=(2, 0, 0) progress 1575/4014 | fails=0 | elapsed=78.5s
2026-02-24 01:27:20,492 | INFO | Order=(2, 0, 0) progress 1600/4014 | fails=0 | elapsed=79.8s
2026-02-24 01:27:21,773 | INFO | Order=(2, 0, 0) progress 1625/4014 | fails=0 | elapsed=81.0s
2026-02-24 01:27:22,983 | INFO | Order=(2, 0, 0) progress 1650/4014 | fails=0 | elapsed=82.3s
2026-02-24 01:27:24,190 | INFO | Order=(2, 0, 0) progress 1675/4014 | fails=0 | elapsed=83.5s
2026-02-24 01:27:25,455 | INFO | Order=(2, 0, 0) progress 1700/4014 | fails=0 | elapsed=84.7s
2026-02-24 01:27:26,728 | INFO | Order=(2, 0, 0) progress 1725/4014 | fails=0 | elapsed=86.0s
2026-02-24 01:27:27,955 | INFO | Order=(2, 0, 0) progress 1750/4014 | fails=0 | elapsed=87.2s
2026-02-24 01:27:29,215 | INFO | Order=(2, 0, 0) progress 1775/4014 | fails=0 | elapsed=88.5s
2026-02-24 01:27:30,451 | INFO | Order=(2, 0, 0) progress 1800/4014 | fails=0 | elapsed=89.7s
2026-02-24 01:27:31,724 | INFO | Order=(2, 0, 0) progress 1825/4014 | fails=0 | elapsed=91.0s
2026-02-24 01:27:33,014 | INFO | Order=(2, 0, 0) progress 1850/4014 | fails=0 | elapsed=92.3s
2026-02-24 01:27:34,286 | INFO | Order=(2, 0, 0) progress 1875/4014 | fails=0 | elapsed=93.6s
2026-02-24 01:27:35,510 | INFO | Order=(2, 0, 0) progress 1900/4014 | fails=0 | elapsed=94.8s
2026-02-24 01:27:36,737 | INFO | Order=(2, 0, 0) progress 1925/4014 | fails=0 | elapsed=96.0s
2026-02-24 01:27:37,991 | INFO | Order=(2, 0, 0) progress 1950/4014 | fails=0 | elapsed=97.3s
2026-02-24 01:27:39,239 | INFO | Order=(2, 0, 0) progress 1975/4014 | fails=0 | elapsed=98.5s
2026-02-24 01:27:40,453 | INFO | Order=(2, 0, 0) progress 2000/4014 | fails=0 | elapsed=99.7s
2026-02-24 01:27:41,691 | INFO | Order=(2, 0, 0) progress 2025/4014 | fails=0 | elapsed=101.0s
2026-02-24 01:27:42,987 | INFO | Order=(2, 0, 0) progress 2050/4014 | fails=0 | elapsed=102.3s
2026-02-24 01:27:44,236 | INFO | Order=(2, 0, 0) progress 2075/4014 | fails=0 | elapsed=103.5s
2026-02-24 01:27:45,457 | INFO | Order=(2, 0, 0) progress 2100/4014 | fails=0 | elapsed=104.7s
2026-02-24 01:27:46,747 | INFO | Order=(2, 0, 0) progress 2125/4014 | fails=0 | elapsed=106.0s
2026-02-24 01:27:47,969 | INFO | Order=(2, 0, 0) progress 2150/4014 | fails=0 | elapsed=107.2s
2026-02-24 01:27:49,216 | INFO | Order=(2, 0, 0) progress 2175/4014 | fails=0 | elapsed=108.5s
2026-02-24 01:27:50,440 | INFO | Order=(2, 0, 0) progress 2200/4014 | fails=0 | elapsed=109.7s
2026-02-24 01:27:51,663 | INFO | Order=(2, 0, 0) progress 2225/4014 | fails=0 | elapsed=110.9s
2026-02-24 01:27:52,905 | INFO | Order=(2, 0, 0) progress 2250/4014 | fails=0 | elapsed=112.2s
2026-02-24 01:27:54,150 | INFO | Order=(2, 0, 0) progress 2275/4014 | fails=0 | elapsed=113.4s
2026-02-24 01:27:55,373 | INFO | Order=(2, 0, 0) progress 2300/4014 | fails=0 | elapsed=114.6s
2026-02-24 01:27:56,632 | INFO | Order=(2, 0, 0) progress 2325/4014 | fails=0 | elapsed=115.9s
2026-02-24 01:27:57,866 | INFO | Order=(2, 0, 0) progress 2350/4014 | fails=0 | elapsed=117.1s
2026-02-24 01:27:59,101 | INFO | Order=(2, 0, 0) progress 2375/4014 | fails=0 | elapsed=118.4s
2026-02-24 01:28:00,339 | INFO | Order=(2, 0, 0) progress 2400/4014 | fails=0 | elapsed=119.6s
2026-02-24 01:28:01,586 | INFO | Order=(2, 0, 0) progress 2425/4014 | fails=0 | elapsed=120.9s
2026-02-24 01:28:02,820 | INFO | Order=(2, 0, 0) progress 2450/4014 | fails=0 | elapsed=122.1s
2026-02-24 01:28:04,014 | INFO | Order=(2, 0, 0) progress 2475/4014 | fails=0 | elapsed=123.3s
2026-02-24 01:28:05,273 | INFO | Order=(2, 0, 0) progress 2500/4014 | fails=0 | elapsed=124.5s
2026-02-24 01:28:06,506 | INFO | Order=(2, 0, 0) progress 2525/4014 | fails=0 | elapsed=125.8s
2026-02-24 01:28:07,749 | INFO | Order=(2, 0, 0) progress 2550/4014 | fails=0 | elapsed=127.0s
2026-02-24 01:28:08,996 | INFO | Order=(2, 0, 0) progress 2575/4014 | fails=0 | elapsed=128.3s
2026-02-24 01:28:10,207 | INFO | Order=(2, 0, 0) progress 2600/4014 | fails=0 | elapsed=129.5s
2026-02-24 01:28:11,436 | INFO | Order=(2, 0, 0) progress 2625/4014 | fails=0 | elapsed=130.7s
2026-02-24 01:28:12,674 | INFO | Order=(2, 0, 0) progress 2650/4014 | fails=0 | elapsed=131.9s
2026-02-24 01:28:13,926 | INFO | Order=(2, 0, 0) progress 2675/4014 | fails=0 | elapsed=133.2s
2026-02-24 01:28:15,173 | INFO | Order=(2, 0, 0) progress 2700/4014 | fails=0 | elapsed=134.4s
2026-02-24 01:28:16,391 | INFO | Order=(2, 0, 0) progress 2725/4014 | fails=0 | elapsed=135.7s
2026-02-24 01:28:17,669 | INFO | Order=(2, 0, 0) progress 2750/4014 | fails=0 | elapsed=136.9s
2026-02-24 01:28:18,930 | INFO | Order=(2, 0, 0) progress 2775/4014 | fails=0 | elapsed=138.2s
2026-02-24 01:28:20,195 | INFO | Order=(2, 0, 0) progress 2800/4014 | fails=0 | elapsed=139.5s
2026-02-24 01:28:21,420 | INFO | Order=(2, 0, 0) progress 2825/4014 | fails=0 | elapsed=140.7s
2026-02-24 01:28:22,669 | INFO | Order=(2, 0, 0) progress 2850/4014 | fails=0 | elapsed=141.9s
2026-02-24 01:28:23,903 | INFO | Order=(2, 0, 0) progress 2875/4014 | fails=0 | elapsed=143.2s
2026-02-24 01:28:25,115 | INFO | Order=(2, 0, 0) progress 2900/4014 | fails=0 | elapsed=144.4s
2026-02-24 01:28:26,350 | INFO | Order=(2, 0, 0) progress 2925/4014 | fails=0 | elapsed=145.6s
2026-02-24 01:28:27,568 | INFO | Order=(2, 0, 0) progress 2950/4014 | fails=0 | elapsed=146.8s
2026-02-24 01:28:28,762 | INFO | Order=(2, 0, 0) progress 2975/4014 | fails=0 | elapsed=148.0s
2026-02-24 01:28:29,983 | INFO | Order=(2, 0, 0) progress 3000/4014 | fails=0 | elapsed=149.3s
2026-02-24 01:28:31,245 | INFO | Order=(2, 0, 0) progress 3025/4014 | fails=0 | elapsed=150.5s
2026-02-24 01:28:32,555 | INFO | Order=(2, 0, 0) progress 3050/4014 | fails=0 | elapsed=151.8s
2026-02-24 01:28:33,779 | INFO | Order=(2, 0, 0) progress 3075/4014 | fails=0 | elapsed=153.0s
2026-02-24 01:28:35,005 | INFO | Order=(2, 0, 0) progress 3100/4014 | fails=0 | elapsed=154.3s
2026-02-24 01:28:36,258 | INFO | Order=(2, 0, 0) progress 3125/4014 | fails=0 | elapsed=155.5s
2026-02-24 01:28:37,508 | INFO | Order=(2, 0, 0) progress 3150/4014 | fails=0 | elapsed=156.8s
2026-02-24 01:28:38,725 | INFO | Order=(2, 0, 0) progress 3175/4014 | fails=0 | elapsed=158.0s
2026-02-24 01:28:39,969 | INFO | Order=(2, 0, 0) progress 3200/4014 | fails=0 | elapsed=159.2s
2026-02-24 01:28:41,179 | INFO | Order=(2, 0, 0) progress 3225/4014 | fails=0 | elapsed=160.4s
2026-02-24 01:28:42,407 | INFO | Order=(2, 0, 0) progress 3250/4014 | fails=0 | elapsed=161.7s
2026-02-24 01:28:43,630 | INFO | Order=(2, 0, 0) progress 3275/4014 | fails=0 | elapsed=162.9s
2026-02-24 01:28:44,900 | INFO | Order=(2, 0, 0) progress 3300/4014 | fails=0 | elapsed=164.2s
2026-02-24 01:28:46,120 | INFO | Order=(2, 0, 0) progress 3325/4014 | fails=0 | elapsed=165.4s
2026-02-24 01:28:47,409 | INFO | Order=(2, 0, 0) progress 3350/4014 | fails=0 | elapsed=166.7s
2026-02-24 01:28:48,677 | INFO | Order=(2, 0, 0) progress 3375/4014 | fails=0 | elapsed=167.9s
2026-02-24 01:28:49,879 | INFO | Order=(2, 0, 0) progress 3400/4014 | fails=0 | elapsed=169.1s
2026-02-24 01:28:51,108 | INFO | Order=(2, 0, 0) progress 3425/4014 | fails=0 | elapsed=170.4s
2026-02-24 01:28:52,355 | INFO | Order=(2, 0, 0) progress 3450/4014 | fails=0 | elapsed=171.6s
2026-02-24 01:28:53,570 | INFO | Order=(2, 0, 0) progress 3475/4014 | fails=0 | elapsed=172.8s
2026-02-24 01:28:54,810 | INFO | Order=(2, 0, 0) progress 3500/4014 | fails=0 | elapsed=174.1s
2026-02-24 01:28:56,089 | INFO | Order=(2, 0, 0) progress 3525/4014 | fails=0 | elapsed=175.4s
2026-02-24 01:28:57,294 | INFO | Order=(2, 0, 0) progress 3550/4014 | fails=0 | elapsed=176.6s
2026-02-24 01:28:58,566 | INFO | Order=(2, 0, 0) progress 3575/4014 | fails=0 | elapsed=177.8s
2026-02-24 01:28:59,776 | INFO | Order=(2, 0, 0) progress 3600/4014 | fails=0 | elapsed=179.0s
2026-02-24 01:29:01,063 | INFO | Order=(2, 0, 0) progress 3625/4014 | fails=0 | elapsed=180.3s
2026-02-24 01:29:02,307 | INFO | Order=(2, 0, 0) progress 3650/4014 | fails=0 | elapsed=181.6s
2026-02-24 01:29:03,547 | INFO | Order=(2, 0, 0) progress 3675/4014 | fails=0 | elapsed=182.8s
2026-02-24 01:29:04,781 | INFO | Order=(2, 0, 0) progress 3700/4014 | fails=0 | elapsed=184.1s
2026-02-24 01:29:06,004 | INFO | Order=(2, 0, 0) progress 3725/4014 | fails=0 | elapsed=185.3s
2026-02-24 01:29:07,228 | INFO | Order=(2, 0, 0) progress 3750/4014 | fails=0 | elapsed=186.5s
2026-02-24 01:29:08,457 | INFO | Order=(2, 0, 0) progress 3775/4014 | fails=0 | elapsed=187.7s
2026-02-24 01:29:09,680 | INFO | Order=(2, 0, 0) progress 3800/4014 | fails=0 | elapsed=189.0s
2026-02-24 01:29:10,894 | INFO | Order=(2, 0, 0) progress 3825/4014 | fails=0 | elapsed=190.2s
2026-02-24 01:29:12,134 | INFO | Order=(2, 0, 0) progress 3850/4014 | fails=0 | elapsed=191.4s
2026-02-24 01:29:13,373 | INFO | Order=(2, 0, 0) progress 3875/4014 | fails=0 | elapsed=192.6s
2026-02-24 01:29:14,599 | INFO | Order=(2, 0, 0) progress 3900/4014 | fails=0 | elapsed=193.9s
2026-02-24 01:29:15,811 | INFO | Order=(2, 0, 0) progress 3925/4014 | fails=0 | elapsed=195.1s
2026-02-24 01:29:17,057 | INFO | Order=(2, 0, 0) progress 3950/4014 | fails=0 | elapsed=196.3s
2026-02-24 01:29:18,307 | INFO | Order=(2, 0, 0) progress 3975/4014 | fails=0 | elapsed=197.6s
2026-02-24 01:29:19,529 | INFO | Order=(2, 0, 0) progress 4000/4014 | fails=0 | elapsed=198.8s
2026-02-24 01:29:20,246 | INFO | Order=(2, 0, 0) progress 4014/4014 | fails=0 | elapsed=199.5s
2026-02-24 01:29:20,248 | INFO | Order=(2, 0, 0) RMSE=0.052331 | ok_preds=4014/4014 | preds=arimax_run\preds_order_2_0_0.csv
2026-02-24 01:29:20,250 | INFO | --- Trying order=(1, 0, 1) ---
2026-02-24 01:29:21,481 | INFO | Order=(1, 0, 1) progress 25/4014 | fails=0 | elapsed=1.2s
2026-02-24 01:29:22,746 | INFO | Order=(1, 0, 1) progress 50/4014 | fails=0 | elapsed=2.5s
2026-02-24 01:29:24,036 | INFO | Order=(1, 0, 1) progress 75/4014 | fails=0 | elapsed=3.8s
2026-02-24 01:29:25,295 | INFO | Order=(1, 0, 1) progress 100/4014 | fails=0 | elapsed=5.0s
2026-02-24 01:29:26,575 | INFO | Order=(1, 0, 1) progress 125/4014 | fails=0 | elapsed=6.3s
2026-02-24 01:29:27,848 | INFO | Order=(1, 0, 1) progress 150/4014 | fails=0 | elapsed=7.6s
2026-02-24 01:29:29,099 | INFO | Order=(1, 0, 1) progress 175/4014 | fails=0 | elapsed=8.8s
2026-02-24 01:29:30,399 | INFO | Order=(1, 0, 1) progress 200/4014 | fails=0 | elapsed=10.1s
2026-02-24 01:29:31,723 | INFO | Order=(1, 0, 1) progress 225/4014 | fails=0 | elapsed=11.5s
2026-02-24 01:29:32,977 | INFO | Order=(1, 0, 1) progress 250/4014 | fails=0 | elapsed=12.7s
2026-02-24 01:29:34,321 | INFO | Order=(1, 0, 1) progress 275/4014 | fails=0 | elapsed=14.1s
2026-02-24 01:29:35,596 | INFO | Order=(1, 0, 1) progress 300/4014 | fails=0 | elapsed=15.3s
2026-02-24 01:29:36,841 | INFO | Order=(1, 0, 1) progress 325/4014 | fails=0 | elapsed=16.6s
2026-02-24 01:29:38,084 | INFO | Order=(1, 0, 1) progress 350/4014 | fails=0 | elapsed=17.8s
2026-02-24 01:29:39,377 | INFO | Order=(1, 0, 1) progress 375/4014 | fails=0 | elapsed=19.1s
2026-02-24 01:29:40,633 | INFO | Order=(1, 0, 1) progress 400/4014 | fails=0 | elapsed=20.4s
2026-02-24 01:29:41,924 | INFO | Order=(1, 0, 1) progress 425/4014 | fails=0 | elapsed=21.7s
2026-02-24 01:29:43,189 | INFO | Order=(1, 0, 1) progress 450/4014 | fails=0 | elapsed=22.9s
2026-02-24 01:29:44,491 | INFO | Order=(1, 0, 1) progress 475/4014 | fails=0 | elapsed=24.2s
2026-02-24 01:29:45,797 | INFO | Order=(1, 0, 1) progress 500/4014 | fails=0 | elapsed=25.5s
2026-02-24 01:29:47,067 | INFO | Order=(1, 0, 1) progress 525/4014 | fails=0 | elapsed=26.8s
2026-02-24 01:29:48,389 | INFO | Order=(1, 0, 1) progress 550/4014 | fails=0 | elapsed=28.1s
2026-02-24 01:29:49,709 | INFO | Order=(1, 0, 1) progress 575/4014 | fails=0 | elapsed=29.5s
2026-02-24 01:29:50,954 | INFO | Order=(1, 0, 1) progress 600/4014 | fails=0 | elapsed=30.7s
2026-02-24 01:29:52,259 | INFO | Order=(1, 0, 1) progress 625/4014 | fails=0 | elapsed=32.0s
2026-02-24 01:29:53,507 | INFO | Order=(1, 0, 1) progress 650/4014 | fails=0 | elapsed=33.3s
2026-02-24 01:29:54,762 | INFO | Order=(1, 0, 1) progress 675/4014 | fails=0 | elapsed=34.5s
2026-02-24 01:29:56,023 | INFO | Order=(1, 0, 1) progress 700/4014 | fails=0 | elapsed=35.8s
2026-02-24 01:29:57,324 | INFO | Order=(1, 0, 1) progress 725/4014 | fails=0 | elapsed=37.1s
2026-02-24 01:29:58,615 | INFO | Order=(1, 0, 1) progress 750/4014 | fails=0 | elapsed=38.4s
2026-02-24 01:29:59,906 | INFO | Order=(1, 0, 1) progress 775/4014 | fails=0 | elapsed=39.7s
2026-02-24 01:30:01,250 | INFO | Order=(1, 0, 1) progress 800/4014 | fails=0 | elapsed=41.0s
2026-02-24 01:30:02,549 | INFO | Order=(1, 0, 1) progress 825/4014 | fails=0 | elapsed=42.3s
2026-02-24 01:30:03,840 | INFO | Order=(1, 0, 1) progress 850/4014 | fails=0 | elapsed=43.6s
2026-02-24 01:30:05,106 | INFO | Order=(1, 0, 1) progress 875/4014 | fails=0 | elapsed=44.9s
2026-02-24 01:30:06,435 | INFO | Order=(1, 0, 1) progress 900/4014 | fails=0 | elapsed=46.2s
2026-02-24 01:30:07,676 | INFO | Order=(1, 0, 1) progress 925/4014 | fails=0 | elapsed=47.4s
2026-02-24 01:30:08,896 | INFO | Order=(1, 0, 1) progress 950/4014 | fails=0 | elapsed=48.6s
2026-02-24 01:30:10,186 | INFO | Order=(1, 0, 1) progress 975/4014 | fails=0 | elapsed=49.9s
2026-02-24 01:30:11,460 | INFO | Order=(1, 0, 1) progress 1000/4014 | fails=0 | elapsed=51.2s
2026-02-24 01:30:12,765 | INFO | Order=(1, 0, 1) progress 1025/4014 | fails=0 | elapsed=52.5s
2026-02-24 01:30:14,097 | INFO | Order=(1, 0, 1) progress 1050/4014 | fails=0 | elapsed=53.8s
2026-02-24 01:30:15,367 | INFO | Order=(1, 0, 1) progress 1075/4014 | fails=0 | elapsed=55.1s
2026-02-24 01:30:16,573 | INFO | Order=(1, 0, 1) progress 1100/4014 | fails=0 | elapsed=56.3s
2026-02-24 01:30:17,811 | INFO | Order=(1, 0, 1) progress 1125/4014 | fails=0 | elapsed=57.6s
2026-02-24 01:30:18,934 | INFO | Order=(1, 0, 1) progress 1150/4014 | fails=0 | elapsed=58.7s
2026-02-24 01:30:19,821 | INFO | Order=(1, 0, 1) progress 1175/4014 | fails=0 | elapsed=59.6s
2026-02-24 01:30:20,925 | INFO | Order=(1, 0, 1) progress 1200/4014 | fails=0 | elapsed=60.7s
2026-02-24 01:30:21,907 | INFO | Order=(1, 0, 1) progress 1225/4014 | fails=0 | elapsed=61.7s
2026-02-24 01:30:22,897 | INFO | Order=(1, 0, 1) progress 1250/4014 | fails=0 | elapsed=62.6s
2026-02-24 01:30:23,919 | INFO | Order=(1, 0, 1) progress 1275/4014 | fails=0 | elapsed=63.7s
2026-02-24 01:30:24,671 | INFO | Order=(1, 0, 1) progress 1300/4014 | fails=0 | elapsed=64.4s
2026-02-24 01:30:25,771 | INFO | Order=(1, 0, 1) progress 1325/4014 | fails=0 | elapsed=65.5s
2026-02-24 01:30:26,572 | INFO | Order=(1, 0, 1) progress 1350/4014 | fails=0 | elapsed=66.3s
2026-02-24 01:30:27,571 | INFO | Order=(1, 0, 1) progress 1375/4014 | fails=0 | elapsed=67.3s
2026-02-24 01:30:28,698 | INFO | Order=(1, 0, 1) progress 1400/4014 | fails=0 | elapsed=68.4s
2026-02-24 01:30:29,864 | INFO | Order=(1, 0, 1) progress 1425/4014 | fails=0 | elapsed=69.6s
2026-02-24 01:30:31,016 | INFO | Order=(1, 0, 1) progress 1450/4014 | fails=0 | elapsed=70.8s
2026-02-24 01:30:32,004 | INFO | Order=(1, 0, 1) progress 1475/4014 | fails=0 | elapsed=71.8s
2026-02-24 01:30:33,145 | INFO | Order=(1, 0, 1) progress 1500/4014 | fails=0 | elapsed=72.9s
2026-02-24 01:30:34,179 | INFO | Order=(1, 0, 1) progress 1525/4014 | fails=0 | elapsed=73.9s
2026-02-24 01:30:35,125 | INFO | Order=(1, 0, 1) progress 1550/4014 | fails=0 | elapsed=74.9s
2026-02-24 01:30:36,298 | INFO | Order=(1, 0, 1) progress 1575/4014 | fails=0 | elapsed=76.0s
2026-02-24 01:30:37,059 | INFO | Order=(1, 0, 1) progress 1600/4014 | fails=0 | elapsed=76.8s
2026-02-24 01:30:37,827 | INFO | Order=(1, 0, 1) progress 1625/4014 | fails=0 | elapsed=77.6s
2026-02-24 01:30:38,464 | INFO | Order=(1, 0, 1) progress 1650/4014 | fails=0 | elapsed=78.2s
2026-02-24 01:30:39,140 | INFO | Order=(1, 0, 1) progress 1675/4014 | fails=0 | elapsed=78.9s
2026-02-24 01:30:40,098 | INFO | Order=(1, 0, 1) progress 1700/4014 | fails=0 | elapsed=79.8s
2026-02-24 01:30:40,850 | INFO | Order=(1, 0, 1) progress 1725/4014 | fails=0 | elapsed=80.6s
2026-02-24 01:30:41,702 | INFO | Order=(1, 0, 1) progress 1750/4014 | fails=0 | elapsed=81.5s
2026-02-24 01:30:42,591 | INFO | Order=(1, 0, 1) progress 1775/4014 | fails=0 | elapsed=82.3s
2026-02-24 01:30:43,312 | INFO | Order=(1, 0, 1) progress 1800/4014 | fails=0 | elapsed=83.1s
2026-02-24 01:30:44,100 | INFO | Order=(1, 0, 1) progress 1825/4014 | fails=0 | elapsed=83.8s
2026-02-24 01:30:44,851 | INFO | Order=(1, 0, 1) progress 1850/4014 | fails=0 | elapsed=84.6s
2026-02-24 01:30:45,630 | INFO | Order=(1, 0, 1) progress 1875/4014 | fails=0 | elapsed=85.4s
2026-02-24 01:30:46,323 | INFO | Order=(1, 0, 1) progress 1900/4014 | fails=0 | elapsed=86.1s
2026-02-24 01:30:47,013 | INFO | Order=(1, 0, 1) progress 1925/4014 | fails=0 | elapsed=86.8s
2026-02-24 01:30:47,936 | INFO | Order=(1, 0, 1) progress 1950/4014 | fails=0 | elapsed=87.7s
2026-02-24 01:30:48,717 | INFO | Order=(1, 0, 1) progress 1975/4014 | fails=0 | elapsed=88.5s
2026-02-24 01:30:49,443 | INFO | Order=(1, 0, 1) progress 2000/4014 | fails=0 | elapsed=89.2s
2026-02-24 01:30:50,411 | INFO | Order=(1, 0, 1) progress 2025/4014 | fails=0 | elapsed=90.2s
2026-02-24 01:30:51,259 | INFO | Order=(1, 0, 1) progress 2050/4014 | fails=0 | elapsed=91.0s
2026-02-24 01:30:52,349 | INFO | Order=(1, 0, 1) progress 2075/4014 | fails=0 | elapsed=92.1s
2026-02-24 01:30:53,056 | INFO | Order=(1, 0, 1) progress 2100/4014 | fails=0 | elapsed=92.8s
2026-02-24 01:30:54,066 | INFO | Order=(1, 0, 1) progress 2125/4014 | fails=0 | elapsed=93.8s
2026-02-24 01:30:54,877 | INFO | Order=(1, 0, 1) progress 2150/4014 | fails=0 | elapsed=94.6s
2026-02-24 01:30:55,752 | INFO | Order=(1, 0, 1) progress 2175/4014 | fails=0 | elapsed=95.5s
2026-02-24 01:30:56,934 | INFO | Order=(1, 0, 1) progress 2200/4014 | fails=0 | elapsed=96.7s
2026-02-24 01:30:58,082 | INFO | Order=(1, 0, 1) progress 2225/4014 | fails=0 | elapsed=97.8s
2026-02-24 01:30:59,184 | INFO | Order=(1, 0, 1) progress 2250/4014 | fails=0 | elapsed=98.9s
2026-02-24 01:31:00,084 | INFO | Order=(1, 0, 1) progress 2275/4014 | fails=0 | elapsed=99.8s
2026-02-24 01:31:01,025 | INFO | Order=(1, 0, 1) progress 2300/4014 | fails=0 | elapsed=100.8s
2026-02-24 01:31:01,887 | INFO | Order=(1, 0, 1) progress 2325/4014 | fails=0 | elapsed=101.6s
2026-02-24 01:31:02,693 | INFO | Order=(1, 0, 1) progress 2350/4014 | fails=0 | elapsed=102.4s
2026-02-24 01:31:03,378 | INFO | Order=(1, 0, 1) progress 2375/4014 | fails=0 | elapsed=103.1s
2026-02-24 01:31:04,074 | INFO | Order=(1, 0, 1) progress 2400/4014 | fails=0 | elapsed=103.8s
2026-02-24 01:31:04,798 | INFO | Order=(1, 0, 1) progress 2425/4014 | fails=0 | elapsed=104.5s
2026-02-24 01:31:05,539 | INFO | Order=(1, 0, 1) progress 2450/4014 | fails=0 | elapsed=105.3s
2026-02-24 01:31:06,100 | INFO | Order=(1, 0, 1) progress 2475/4014 | fails=0 | elapsed=105.8s
2026-02-24 01:31:06,836 | INFO | Order=(1, 0, 1) progress 2500/4014 | fails=0 | elapsed=106.6s
2026-02-24 01:31:07,751 | INFO | Order=(1, 0, 1) progress 2525/4014 | fails=0 | elapsed=107.5s
2026-02-24 01:31:08,984 | INFO | Order=(1, 0, 1) progress 2550/4014 | fails=0 | elapsed=108.7s
2026-02-24 01:31:10,091 | INFO | Order=(1, 0, 1) progress 2575/4014 | fails=0 | elapsed=109.8s
2026-02-24 01:31:11,055 | INFO | Order=(1, 0, 1) progress 2600/4014 | fails=0 | elapsed=110.8s
2026-02-24 01:31:12,019 | INFO | Order=(1, 0, 1) progress 2625/4014 | fails=0 | elapsed=111.8s
2026-02-24 01:31:13,039 | INFO | Order=(1, 0, 1) progress 2650/4014 | fails=0 | elapsed=112.8s
2026-02-24 01:31:14,044 | INFO | Order=(1, 0, 1) progress 2675/4014 | fails=0 | elapsed=113.8s
2026-02-24 01:31:15,092 | INFO | Order=(1, 0, 1) progress 2700/4014 | fails=0 | elapsed=114.8s
2026-02-24 01:31:15,894 | INFO | Order=(1, 0, 1) progress 2725/4014 | fails=0 | elapsed=115.6s
2026-02-24 01:31:16,507 | INFO | Order=(1, 0, 1) progress 2750/4014 | fails=0 | elapsed=116.3s
2026-02-24 01:31:17,297 | INFO | Order=(1, 0, 1) progress 2775/4014 | fails=0 | elapsed=117.0s
2026-02-24 01:31:18,135 | INFO | Order=(1, 0, 1) progress 2800/4014 | fails=0 | elapsed=117.9s
2026-02-24 01:31:18,957 | INFO | Order=(1, 0, 1) progress 2825/4014 | fails=0 | elapsed=118.7s
2026-02-24 01:31:19,708 | INFO | Order=(1, 0, 1) progress 2850/4014 | fails=0 | elapsed=119.5s
2026-02-24 01:31:20,480 | INFO | Order=(1, 0, 1) progress 2875/4014 | fails=0 | elapsed=120.2s
2026-02-24 01:31:21,158 | INFO | Order=(1, 0, 1) progress 2900/4014 | fails=0 | elapsed=120.9s
2026-02-24 01:31:21,780 | INFO | Order=(1, 0, 1) progress 2925/4014 | fails=0 | elapsed=121.5s
2026-02-24 01:31:22,596 | INFO | Order=(1, 0, 1) progress 2950/4014 | fails=0 | elapsed=122.3s
2026-02-24 01:31:23,607 | INFO | Order=(1, 0, 1) progress 2975/4014 | fails=0 | elapsed=123.4s
2026-02-24 01:31:24,529 | INFO | Order=(1, 0, 1) progress 3000/4014 | fails=0 | elapsed=124.3s
2026-02-24 01:31:25,711 | INFO | Order=(1, 0, 1) progress 3025/4014 | fails=0 | elapsed=125.5s
2026-02-24 01:31:26,847 | INFO | Order=(1, 0, 1) progress 3050/4014 | fails=0 | elapsed=126.6s
2026-02-24 01:31:27,797 | INFO | Order=(1, 0, 1) progress 3075/4014 | fails=0 | elapsed=127.5s
2026-02-24 01:31:29,010 | INFO | Order=(1, 0, 1) progress 3100/4014 | fails=0 | elapsed=128.8s
2026-02-24 01:31:30,155 | INFO | Order=(1, 0, 1) progress 3125/4014 | fails=0 | elapsed=129.9s
2026-02-24 01:31:31,298 | INFO | Order=(1, 0, 1) progress 3150/4014 | fails=0 | elapsed=131.0s
2026-02-24 01:31:32,176 | INFO | Order=(1, 0, 1) progress 3175/4014 | fails=0 | elapsed=131.9s
2026-02-24 01:31:33,317 | INFO | Order=(1, 0, 1) progress 3200/4014 | fails=0 | elapsed=133.1s
2026-02-24 01:31:34,521 | INFO | Order=(1, 0, 1) progress 3225/4014 | fails=0 | elapsed=134.3s
2026-02-24 01:31:35,580 | INFO | Order=(1, 0, 1) progress 3250/4014 | fails=0 | elapsed=135.3s
2026-02-24 01:31:36,620 | INFO | Order=(1, 0, 1) progress 3275/4014 | fails=0 | elapsed=136.4s
2026-02-24 01:31:37,628 | INFO | Order=(1, 0, 1) progress 3300/4014 | fails=0 | elapsed=137.4s
2026-02-24 01:31:38,417 | INFO | Order=(1, 0, 1) progress 3325/4014 | fails=0 | elapsed=138.2s
2026-02-24 01:31:39,303 | INFO | Order=(1, 0, 1) progress 3350/4014 | fails=0 | elapsed=139.1s
2026-02-24 01:31:40,131 | INFO | Order=(1, 0, 1) progress 3375/4014 | fails=0 | elapsed=139.9s
2026-02-24 01:31:40,945 | INFO | Order=(1, 0, 1) progress 3400/4014 | fails=0 | elapsed=140.7s
2026-02-24 01:31:41,928 | INFO | Order=(1, 0, 1) progress 3425/4014 | fails=0 | elapsed=141.7s
2026-02-24 01:31:42,953 | INFO | Order=(1, 0, 1) progress 3450/4014 | fails=0 | elapsed=142.7s
2026-02-24 01:31:43,875 | INFO | Order=(1, 0, 1) progress 3475/4014 | fails=0 | elapsed=143.6s
2026-02-24 01:31:44,663 | INFO | Order=(1, 0, 1) progress 3500/4014 | fails=0 | elapsed=144.4s
2026-02-24 01:31:45,326 | INFO | Order=(1, 0, 1) progress 3525/4014 | fails=0 | elapsed=145.1s
2026-02-24 01:31:45,997 | INFO | Order=(1, 0, 1) progress 3550/4014 | fails=0 | elapsed=145.7s
2026-02-24 01:31:46,957 | INFO | Order=(1, 0, 1) progress 3575/4014 | fails=0 | elapsed=146.7s
2026-02-24 01:31:47,864 | INFO | Order=(1, 0, 1) progress 3600/4014 | fails=0 | elapsed=147.6s
2026-02-24 01:31:48,597 | INFO | Order=(1, 0, 1) progress 3625/4014 | fails=0 | elapsed=148.3s
2026-02-24 01:31:49,613 | INFO | Order=(1, 0, 1) progress 3650/4014 | fails=0 | elapsed=149.4s
2026-02-24 01:31:50,492 | INFO | Order=(1, 0, 1) progress 3675/4014 | fails=0 | elapsed=150.2s
2026-02-24 01:31:51,275 | INFO | Order=(1, 0, 1) progress 3700/4014 | fails=0 | elapsed=151.0s
2026-02-24 01:31:52,204 | INFO | Order=(1, 0, 1) progress 3725/4014 | fails=0 | elapsed=152.0s
2026-02-24 01:31:53,030 | INFO | Order=(1, 0, 1) progress 3750/4014 | fails=0 | elapsed=152.8s
2026-02-24 01:31:53,677 | INFO | Order=(1, 0, 1) progress 3775/4014 | fails=0 | elapsed=153.4s
2026-02-24 01:31:54,665 | INFO | Order=(1, 0, 1) progress 3800/4014 | fails=0 | elapsed=154.4s
2026-02-24 01:31:55,676 | INFO | Order=(1, 0, 1) progress 3825/4014 | fails=0 | elapsed=155.4s
2026-02-24 01:31:56,576 | INFO | Order=(1, 0, 1) progress 3850/4014 | fails=0 | elapsed=156.3s
2026-02-24 01:31:57,230 | INFO | Order=(1, 0, 1) progress 3875/4014 | fails=0 | elapsed=157.0s
2026-02-24 01:31:57,992 | INFO | Order=(1, 0, 1) progress 3900/4014 | fails=0 | elapsed=157.7s
2026-02-24 01:31:58,677 | INFO | Order=(1, 0, 1) progress 3925/4014 | fails=0 | elapsed=158.4s
2026-02-24 01:31:59,389 | INFO | Order=(1, 0, 1) progress 3950/4014 | fails=0 | elapsed=159.1s
2026-02-24 01:32:00,349 | INFO | Order=(1, 0, 1) progress 3975/4014 | fails=0 | elapsed=160.1s
2026-02-24 01:32:01,078 | INFO | Order=(1, 0, 1) progress 4000/4014 | fails=0 | elapsed=160.8s
2026-02-24 01:32:01,531 | INFO | Order=(1, 0, 1) progress 4014/4014 | fails=0 | elapsed=161.3s
2026-02-24 01:32:01,532 | INFO | Order=(1, 0, 1) RMSE=0.038062 | ok_preds=4014/4014 | preds=arimax_run\preds_order_1_0_1.csv
2026-02-24 01:32:01,535 | INFO | --- Trying order=(2, 0, 1) ---
2026-02-24 01:32:02,919 | INFO | Order=(2, 0, 1) progress 25/4014 | fails=0 | elapsed=1.4s
2026-02-24 01:32:04,243 | INFO | Order=(2, 0, 1) progress 50/4014 | fails=0 | elapsed=2.7s
2026-02-24 01:32:05,627 | INFO | Order=(2, 0, 1) progress 75/4014 | fails=0 | elapsed=4.1s
2026-02-24 01:32:06,941 | INFO | Order=(2, 0, 1) progress 100/4014 | fails=0 | elapsed=5.4s
2026-02-24 01:32:08,328 | INFO | Order=(2, 0, 1) progress 125/4014 | fails=0 | elapsed=6.8s
2026-02-24 01:32:09,665 | INFO | Order=(2, 0, 1) progress 150/4014 | fails=0 | elapsed=8.1s
2026-02-24 01:32:11,045 | INFO | Order=(2, 0, 1) progress 175/4014 | fails=0 | elapsed=9.5s
2026-02-24 01:32:12,401 | INFO | Order=(2, 0, 1) progress 200/4014 | fails=0 | elapsed=10.9s
2026-02-24 01:32:13,791 | INFO | Order=(2, 0, 1) progress 225/4014 | fails=0 | elapsed=12.3s
2026-02-24 01:32:15,105 | INFO | Order=(2, 0, 1) progress 250/4014 | fails=0 | elapsed=13.6s
2026-02-24 01:32:16,474 | INFO | Order=(2, 0, 1) progress 275/4014 | fails=0 | elapsed=14.9s
2026-02-24 01:32:17,850 | INFO | Order=(2, 0, 1) progress 300/4014 | fails=0 | elapsed=16.3s
2026-02-24 01:32:19,244 | INFO | Order=(2, 0, 1) progress 325/4014 | fails=0 | elapsed=17.7s
2026-02-24 01:32:20,608 | INFO | Order=(2, 0, 1) progress 350/4014 | fails=0 | elapsed=19.1s
2026-02-24 01:32:21,950 | INFO | Order=(2, 0, 1) progress 375/4014 | fails=0 | elapsed=20.4s
2026-02-24 01:32:23,299 | INFO | Order=(2, 0, 1) progress 400/4014 | fails=0 | elapsed=21.8s
2026-02-24 01:32:24,657 | INFO | Order=(2, 0, 1) progress 425/4014 | fails=0 | elapsed=23.1s
2026-02-24 01:32:25,997 | INFO | Order=(2, 0, 1) progress 450/4014 | fails=0 | elapsed=24.5s
2026-02-24 01:32:27,347 | INFO | Order=(2, 0, 1) progress 475/4014 | fails=0 | elapsed=25.8s
2026-02-24 01:32:28,723 | INFO | Order=(2, 0, 1) progress 500/4014 | fails=0 | elapsed=27.2s
2026-02-24 01:32:30,087 | INFO | Order=(2, 0, 1) progress 525/4014 | fails=0 | elapsed=28.6s
2026-02-24 01:32:31,456 | INFO | Order=(2, 0, 1) progress 550/4014 | fails=0 | elapsed=29.9s
2026-02-24 01:32:32,839 | INFO | Order=(2, 0, 1) progress 575/4014 | fails=0 | elapsed=31.3s
2026-02-24 01:32:34,201 | INFO | Order=(2, 0, 1) progress 600/4014 | fails=0 | elapsed=32.7s
2026-02-24 01:32:35,599 | INFO | Order=(2, 0, 1) progress 625/4014 | fails=0 | elapsed=34.1s
2026-02-24 01:32:36,944 | INFO | Order=(2, 0, 1) progress 650/4014 | fails=0 | elapsed=35.4s
2026-02-24 01:32:38,304 | INFO | Order=(2, 0, 1) progress 675/4014 | fails=0 | elapsed=36.8s
2026-02-24 01:32:39,724 | INFO | Order=(2, 0, 1) progress 700/4014 | fails=0 | elapsed=38.2s
2026-02-24 01:32:41,095 | INFO | Order=(2, 0, 1) progress 725/4014 | fails=0 | elapsed=39.6s
2026-02-24 01:32:42,471 | INFO | Order=(2, 0, 1) progress 750/4014 | fails=0 | elapsed=40.9s
2026-02-24 01:32:43,862 | INFO | Order=(2, 0, 1) progress 775/4014 | fails=0 | elapsed=42.3s
2026-02-24 01:32:45,221 | INFO | Order=(2, 0, 1) progress 800/4014 | fails=0 | elapsed=43.7s
2026-02-24 01:32:46,611 | INFO | Order=(2, 0, 1) progress 825/4014 | fails=0 | elapsed=45.1s
2026-02-24 01:32:47,983 | INFO | Order=(2, 0, 1) progress 850/4014 | fails=0 | elapsed=46.4s
2026-02-24 01:32:49,352 | INFO | Order=(2, 0, 1) progress 875/4014 | fails=0 | elapsed=47.8s
2026-02-24 01:32:50,670 | INFO | Order=(2, 0, 1) progress 900/4014 | fails=0 | elapsed=49.1s
2026-02-24 01:32:52,000 | INFO | Order=(2, 0, 1) progress 925/4014 | fails=0 | elapsed=50.5s
2026-02-24 01:32:53,288 | INFO | Order=(2, 0, 1) progress 950/4014 | fails=0 | elapsed=51.8s
2026-02-24 01:32:54,690 | INFO | Order=(2, 0, 1) progress 975/4014 | fails=0 | elapsed=53.2s
2026-02-24 01:32:56,078 | INFO | Order=(2, 0, 1) progress 1000/4014 | fails=0 | elapsed=54.5s
2026-02-24 01:32:57,432 | INFO | Order=(2, 0, 1) progress 1025/4014 | fails=0 | elapsed=55.9s
2026-02-24 01:32:58,797 | INFO | Order=(2, 0, 1) progress 1050/4014 | fails=0 | elapsed=57.3s
2026-02-24 01:33:00,199 | INFO | Order=(2, 0, 1) progress 1075/4014 | fails=0 | elapsed=58.7s
2026-02-24 01:33:01,600 | INFO | Order=(2, 0, 1) progress 1100/4014 | fails=0 | elapsed=60.1s
2026-02-24 01:33:02,943 | INFO | Order=(2, 0, 1) progress 1125/4014 | fails=0 | elapsed=61.4s
2026-02-24 01:33:04,340 | INFO | Order=(2, 0, 1) progress 1150/4014 | fails=0 | elapsed=62.8s
2026-02-24 01:33:05,693 | INFO | Order=(2, 0, 1) progress 1175/4014 | fails=0 | elapsed=64.2s
2026-02-24 01:33:07,035 | INFO | Order=(2, 0, 1) progress 1200/4014 | fails=0 | elapsed=65.5s
2026-02-24 01:33:08,390 | INFO | Order=(2, 0, 1) progress 1225/4014 | fails=0 | elapsed=66.9s
2026-02-24 01:33:09,771 | INFO | Order=(2, 0, 1) progress 1250/4014 | fails=0 | elapsed=68.2s
2026-02-24 01:33:11,076 | INFO | Order=(2, 0, 1) progress 1275/4014 | fails=0 | elapsed=69.5s
2026-02-24 01:33:12,453 | INFO | Order=(2, 0, 1) progress 1300/4014 | fails=0 | elapsed=70.9s
2026-02-24 01:33:13,841 | INFO | Order=(2, 0, 1) progress 1325/4014 | fails=0 | elapsed=72.3s
2026-02-24 01:33:15,160 | INFO | Order=(2, 0, 1) progress 1350/4014 | fails=0 | elapsed=73.6s
2026-02-24 01:33:16,558 | INFO | Order=(2, 0, 1) progress 1375/4014 | fails=0 | elapsed=75.0s
2026-02-24 01:33:17,948 | INFO | Order=(2, 0, 1) progress 1400/4014 | fails=0 | elapsed=76.4s
2026-02-24 01:33:19,322 | INFO | Order=(2, 0, 1) progress 1425/4014 | fails=0 | elapsed=77.8s
2026-02-24 01:33:20,680 | INFO | Order=(2, 0, 1) progress 1450/4014 | fails=0 | elapsed=79.1s
2026-02-24 01:33:22,031 | INFO | Order=(2, 0, 1) progress 1475/4014 | fails=0 | elapsed=80.5s
2026-02-24 01:33:23,393 | INFO | Order=(2, 0, 1) progress 1500/4014 | fails=0 | elapsed=81.9s
2026-02-24 01:33:24,801 | INFO | Order=(2, 0, 1) progress 1525/4014 | fails=0 | elapsed=83.3s
2026-02-24 01:33:26,160 | INFO | Order=(2, 0, 1) progress 1550/4014 | fails=0 | elapsed=84.6s
2026-02-24 01:33:27,535 | INFO | Order=(2, 0, 1) progress 1575/4014 | fails=0 | elapsed=86.0s
2026-02-24 01:33:28,874 | INFO | Order=(2, 0, 1) progress 1600/4014 | fails=0 | elapsed=87.3s
2026-02-24 01:33:30,324 | INFO | Order=(2, 0, 1) progress 1625/4014 | fails=0 | elapsed=88.8s
2026-02-24 01:33:31,701 | INFO | Order=(2, 0, 1) progress 1650/4014 | fails=0 | elapsed=90.2s
2026-02-24 01:33:33,169 | INFO | Order=(2, 0, 1) progress 1675/4014 | fails=0 | elapsed=91.6s
2026-02-24 01:33:34,573 | INFO | Order=(2, 0, 1) progress 1700/4014 | fails=0 | elapsed=93.0s
2026-02-24 01:33:35,890 | INFO | Order=(2, 0, 1) progress 1725/4014 | fails=0 | elapsed=94.4s
2026-02-24 01:33:37,246 | INFO | Order=(2, 0, 1) progress 1750/4014 | fails=0 | elapsed=95.7s
2026-02-24 01:33:38,648 | INFO | Order=(2, 0, 1) progress 1775/4014 | fails=0 | elapsed=97.1s
2026-02-24 01:33:40,079 | INFO | Order=(2, 0, 1) progress 1800/4014 | fails=0 | elapsed=98.5s
2026-02-24 01:33:41,400 | INFO | Order=(2, 0, 1) progress 1825/4014 | fails=0 | elapsed=99.9s
2026-02-24 01:33:42,731 | INFO | Order=(2, 0, 1) progress 1850/4014 | fails=0 | elapsed=101.2s
2026-02-24 01:33:44,083 | INFO | Order=(2, 0, 1) progress 1875/4014 | fails=0 | elapsed=102.5s
2026-02-24 01:33:45,488 | INFO | Order=(2, 0, 1) progress 1900/4014 | fails=0 | elapsed=104.0s
2026-02-24 01:33:46,861 | INFO | Order=(2, 0, 1) progress 1925/4014 | fails=0 | elapsed=105.3s
2026-02-24 01:33:48,248 | INFO | Order=(2, 0, 1) progress 1950/4014 | fails=0 | elapsed=106.7s
2026-02-24 01:33:49,687 | INFO | Order=(2, 0, 1) progress 1975/4014 | fails=0 | elapsed=108.2s
2026-02-24 01:33:51,070 | INFO | Order=(2, 0, 1) progress 2000/4014 | fails=0 | elapsed=109.5s
2026-02-24 01:33:52,481 | INFO | Order=(2, 0, 1) progress 2025/4014 | fails=0 | elapsed=110.9s
2026-02-24 01:33:53,830 | INFO | Order=(2, 0, 1) progress 2050/4014 | fails=0 | elapsed=112.3s
2026-02-24 01:33:55,172 | INFO | Order=(2, 0, 1) progress 2075/4014 | fails=0 | elapsed=113.6s
2026-02-24 01:33:56,518 | INFO | Order=(2, 0, 1) progress 2100/4014 | fails=0 | elapsed=115.0s
2026-02-24 01:33:57,916 | INFO | Order=(2, 0, 1) progress 2125/4014 | fails=0 | elapsed=116.4s
2026-02-24 01:33:59,260 | INFO | Order=(2, 0, 1) progress 2150/4014 | fails=0 | elapsed=117.7s
2026-02-24 01:34:00,706 | INFO | Order=(2, 0, 1) progress 2175/4014 | fails=0 | elapsed=119.2s
2026-02-24 01:34:02,096 | INFO | Order=(2, 0, 1) progress 2200/4014 | fails=0 | elapsed=120.6s
2026-02-24 01:34:03,501 | INFO | Order=(2, 0, 1) progress 2225/4014 | fails=0 | elapsed=122.0s
2026-02-24 01:34:04,880 | INFO | Order=(2, 0, 1) progress 2250/4014 | fails=0 | elapsed=123.3s
2026-02-24 01:34:06,254 | INFO | Order=(2, 0, 1) progress 2275/4014 | fails=0 | elapsed=124.7s
2026-02-24 01:34:07,603 | INFO | Order=(2, 0, 1) progress 2300/4014 | fails=0 | elapsed=126.1s
2026-02-24 01:34:08,942 | INFO | Order=(2, 0, 1) progress 2325/4014 | fails=0 | elapsed=127.4s
2026-02-24 01:34:10,300 | INFO | Order=(2, 0, 1) progress 2350/4014 | fails=0 | elapsed=128.8s
2026-02-24 01:34:11,763 | INFO | Order=(2, 0, 1) progress 2375/4014 | fails=0 | elapsed=130.2s
2026-02-24 01:34:13,116 | INFO | Order=(2, 0, 1) progress 2400/4014 | fails=0 | elapsed=131.6s
2026-02-24 01:34:14,459 | INFO | Order=(2, 0, 1) progress 2425/4014 | fails=0 | elapsed=132.9s
2026-02-24 01:34:15,839 | INFO | Order=(2, 0, 1) progress 2450/4014 | fails=0 | elapsed=134.3s
2026-02-24 01:34:17,191 | INFO | Order=(2, 0, 1) progress 2475/4014 | fails=0 | elapsed=135.7s
2026-02-24 01:34:18,547 | INFO | Order=(2, 0, 1) progress 2500/4014 | fails=0 | elapsed=137.0s
2026-02-24 01:34:19,917 | INFO | Order=(2, 0, 1) progress 2525/4014 | fails=0 | elapsed=138.4s
2026-02-24 01:34:21,258 | INFO | Order=(2, 0, 1) progress 2550/4014 | fails=0 | elapsed=139.7s
2026-02-24 01:34:22,647 | INFO | Order=(2, 0, 1) progress 2575/4014 | fails=0 | elapsed=141.1s
2026-02-24 01:34:23,969 | INFO | Order=(2, 0, 1) progress 2600/4014 | fails=0 | elapsed=142.4s
2026-02-24 01:34:25,335 | INFO | Order=(2, 0, 1) progress 2625/4014 | fails=0 | elapsed=143.8s
2026-02-24 01:34:26,700 | INFO | Order=(2, 0, 1) progress 2650/4014 | fails=0 | elapsed=145.2s
2026-02-24 01:34:28,059 | INFO | Order=(2, 0, 1) progress 2675/4014 | fails=0 | elapsed=146.5s
2026-02-24 01:34:29,451 | INFO | Order=(2, 0, 1) progress 2700/4014 | fails=0 | elapsed=147.9s
2026-02-24 01:34:30,791 | INFO | Order=(2, 0, 1) progress 2725/4014 | fails=0 | elapsed=149.3s
2026-02-24 01:34:32,163 | INFO | Order=(2, 0, 1) progress 2750/4014 | fails=0 | elapsed=150.6s
2026-02-24 01:34:33,542 | INFO | Order=(2, 0, 1) progress 2775/4014 | fails=0 | elapsed=152.0s
2026-02-24 01:34:34,877 | INFO | Order=(2, 0, 1) progress 2800/4014 | fails=0 | elapsed=153.3s
2026-02-24 01:34:36,260 | INFO | Order=(2, 0, 1) progress 2825/4014 | fails=0 | elapsed=154.7s
2026-02-24 01:34:37,598 | INFO | Order=(2, 0, 1) progress 2850/4014 | fails=0 | elapsed=156.1s
2026-02-24 01:34:38,964 | INFO | Order=(2, 0, 1) progress 2875/4014 | fails=0 | elapsed=157.4s
2026-02-24 01:34:40,316 | INFO | Order=(2, 0, 1) progress 2900/4014 | fails=0 | elapsed=158.8s
2026-02-24 01:34:41,637 | INFO | Order=(2, 0, 1) progress 2925/4014 | fails=0 | elapsed=160.1s
2026-02-24 01:34:42,939 | INFO | Order=(2, 0, 1) progress 2950/4014 | fails=0 | elapsed=161.4s
2026-02-24 01:34:44,299 | INFO | Order=(2, 0, 1) progress 2975/4014 | fails=0 | elapsed=162.8s
2026-02-24 01:34:45,591 | INFO | Order=(2, 0, 1) progress 3000/4014 | fails=0 | elapsed=164.1s
2026-02-24 01:34:46,971 | INFO | Order=(2, 0, 1) progress 3025/4014 | fails=0 | elapsed=165.4s
2026-02-24 01:34:48,331 | INFO | Order=(2, 0, 1) progress 3050/4014 | fails=0 | elapsed=166.8s
2026-02-24 01:34:49,673 | INFO | Order=(2, 0, 1) progress 3075/4014 | fails=0 | elapsed=168.1s
2026-02-24 01:34:51,050 | INFO | Order=(2, 0, 1) progress 3100/4014 | fails=0 | elapsed=169.5s
2026-02-24 01:34:52,405 | INFO | Order=(2, 0, 1) progress 3125/4014 | fails=0 | elapsed=170.9s
2026-02-24 01:34:53,673 | INFO | Order=(2, 0, 1) progress 3150/4014 | fails=0 | elapsed=172.1s
2026-02-24 01:34:54,964 | INFO | Order=(2, 0, 1) progress 3175/4014 | fails=0 | elapsed=173.4s
2026-02-24 01:34:56,294 | INFO | Order=(2, 0, 1) progress 3200/4014 | fails=0 | elapsed=174.8s
2026-02-24 01:34:57,585 | INFO | Order=(2, 0, 1) progress 3225/4014 | fails=0 | elapsed=176.0s
2026-02-24 01:34:58,925 | INFO | Order=(2, 0, 1) progress 3250/4014 | fails=0 | elapsed=177.4s
2026-02-24 01:35:00,272 | INFO | Order=(2, 0, 1) progress 3275/4014 | fails=0 | elapsed=178.7s
2026-02-24 01:35:01,692 | INFO | Order=(2, 0, 1) progress 3300/4014 | fails=0 | elapsed=180.2s
2026-02-24 01:35:02,827 | INFO | Order=(2, 0, 1) progress 3325/4014 | fails=0 | elapsed=181.3s
2026-02-24 01:35:03,987 | INFO | Order=(2, 0, 1) progress 3350/4014 | fails=0 | elapsed=182.5s
2026-02-24 01:35:05,159 | INFO | Order=(2, 0, 1) progress 3375/4014 | fails=0 | elapsed=183.6s
2026-02-24 01:35:06,231 | INFO | Order=(2, 0, 1) progress 3400/4014 | fails=0 | elapsed=184.7s
2026-02-24 01:35:07,482 | INFO | Order=(2, 0, 1) progress 3425/4014 | fails=0 | elapsed=185.9s
2026-02-24 01:35:08,700 | INFO | Order=(2, 0, 1) progress 3450/4014 | fails=0 | elapsed=187.2s
2026-02-24 01:35:09,684 | INFO | Order=(2, 0, 1) progress 3475/4014 | fails=0 | elapsed=188.1s
2026-02-24 01:35:10,702 | INFO | Order=(2, 0, 1) progress 3500/4014 | fails=0 | elapsed=189.2s
2026-02-24 01:35:11,892 | INFO | Order=(2, 0, 1) progress 3525/4014 | fails=0 | elapsed=190.4s
2026-02-24 01:35:12,734 | INFO | Order=(2, 0, 1) progress 3550/4014 | fails=0 | elapsed=191.2s
2026-02-24 01:35:13,592 | INFO | Order=(2, 0, 1) progress 3575/4014 | fails=0 | elapsed=192.1s
2026-02-24 01:35:14,580 | INFO | Order=(2, 0, 1) progress 3600/4014 | fails=0 | elapsed=193.0s
2026-02-24 01:35:15,657 | INFO | Order=(2, 0, 1) progress 3625/4014 | fails=0 | elapsed=194.1s
2026-02-24 01:35:16,843 | INFO | Order=(2, 0, 1) progress 3650/4014 | fails=0 | elapsed=195.3s
2026-02-24 01:35:17,984 | INFO | Order=(2, 0, 1) progress 3675/4014 | fails=0 | elapsed=196.4s
2026-02-24 01:35:19,100 | INFO | Order=(2, 0, 1) progress 3700/4014 | fails=0 | elapsed=197.6s
2026-02-24 01:35:20,302 | INFO | Order=(2, 0, 1) progress 3725/4014 | fails=0 | elapsed=198.8s
2026-02-24 01:35:21,250 | INFO | Order=(2, 0, 1) progress 3750/4014 | fails=0 | elapsed=199.7s
2026-02-24 01:35:21,996 | INFO | Order=(2, 0, 1) progress 3775/4014 | fails=0 | elapsed=200.5s
2026-02-24 01:35:23,164 | INFO | Order=(2, 0, 1) progress 3800/4014 | fails=0 | elapsed=201.6s
2026-02-24 01:35:24,383 | INFO | Order=(2, 0, 1) progress 3825/4014 | fails=0 | elapsed=202.8s
2026-02-24 01:35:25,591 | INFO | Order=(2, 0, 1) progress 3850/4014 | fails=0 | elapsed=204.1s
2026-02-24 01:35:26,229 | INFO | Order=(2, 0, 1) progress 3875/4014 | fails=0 | elapsed=204.7s
2026-02-24 01:35:27,233 | INFO | Order=(2, 0, 1) progress 3900/4014 | fails=0 | elapsed=205.7s
2026-02-24 01:35:28,048 | INFO | Order=(2, 0, 1) progress 3925/4014 | fails=0 | elapsed=206.5s
2026-02-24 01:35:28,891 | INFO | Order=(2, 0, 1) progress 3950/4014 | fails=0 | elapsed=207.4s
2026-02-24 01:35:30,236 | INFO | Order=(2, 0, 1) progress 3975/4014 | fails=0 | elapsed=208.7s
2026-02-24 01:35:31,250 | INFO | Order=(2, 0, 1) progress 4000/4014 | fails=0 | elapsed=209.7s
2026-02-24 01:35:31,909 | INFO | Order=(2, 0, 1) progress 4014/4014 | fails=0 | elapsed=210.4s
2026-02-24 01:35:31,911 | INFO | Order=(2, 0, 1) RMSE=0.051029 | ok_preds=4014/4014 | preds=arimax_run\preds_order_2_0_1.csv
2026-02-24 01:35:31,913 | INFO | --- Trying order=(1, 0, 2) ---
2026-02-24 01:35:33,250 | INFO | Order=(1, 0, 2) progress 25/4014 | fails=0 | elapsed=1.3s
2026-02-24 01:35:34,653 | INFO | Order=(1, 0, 2) progress 50/4014 | fails=0 | elapsed=2.7s
2026-02-24 01:35:36,119 | INFO | Order=(1, 0, 2) progress 75/4014 | fails=0 | elapsed=4.2s
2026-02-24 01:35:37,499 | INFO | Order=(1, 0, 2) progress 100/4014 | fails=0 | elapsed=5.6s
2026-02-24 01:35:38,998 | INFO | Order=(1, 0, 2) progress 125/4014 | fails=0 | elapsed=7.1s
2026-02-24 01:35:40,404 | INFO | Order=(1, 0, 2) progress 150/4014 | fails=0 | elapsed=8.5s
2026-02-24 01:35:41,792 | INFO | Order=(1, 0, 2) progress 175/4014 | fails=0 | elapsed=9.9s
2026-02-24 01:35:43,262 | INFO | Order=(1, 0, 2) progress 200/4014 | fails=0 | elapsed=11.3s
2026-02-24 01:35:44,736 | INFO | Order=(1, 0, 2) progress 225/4014 | fails=0 | elapsed=12.8s
2026-02-24 01:35:46,127 | INFO | Order=(1, 0, 2) progress 250/4014 | fails=0 | elapsed=14.2s
2026-02-24 01:35:47,591 | INFO | Order=(1, 0, 2) progress 275/4014 | fails=0 | elapsed=15.7s
2026-02-24 01:35:49,040 | INFO | Order=(1, 0, 2) progress 300/4014 | fails=0 | elapsed=17.1s
2026-02-24 01:35:50,438 | INFO | Order=(1, 0, 2) progress 325/4014 | fails=0 | elapsed=18.5s
2026-02-24 01:35:51,875 | INFO | Order=(1, 0, 2) progress 350/4014 | fails=0 | elapsed=20.0s
2026-02-24 01:35:53,321 | INFO | Order=(1, 0, 2) progress 375/4014 | fails=0 | elapsed=21.4s
2026-02-24 01:35:54,762 | INFO | Order=(1, 0, 2) progress 400/4014 | fails=0 | elapsed=22.8s
2026-02-24 01:35:56,084 | INFO | Order=(1, 0, 2) progress 425/4014 | fails=0 | elapsed=24.2s
2026-02-24 01:35:57,473 | INFO | Order=(1, 0, 2) progress 450/4014 | fails=0 | elapsed=25.6s
2026-02-24 01:35:58,820 | INFO | Order=(1, 0, 2) progress 475/4014 | fails=0 | elapsed=26.9s
2026-02-24 01:36:00,182 | INFO | Order=(1, 0, 2) progress 500/4014 | fails=0 | elapsed=28.3s
2026-02-24 01:36:01,581 | INFO | Order=(1, 0, 2) progress 525/4014 | fails=0 | elapsed=29.7s
2026-02-24 01:36:02,950 | INFO | Order=(1, 0, 2) progress 550/4014 | fails=0 | elapsed=31.0s
2026-02-24 01:36:04,343 | INFO | Order=(1, 0, 2) progress 575/4014 | fails=0 | elapsed=32.4s
2026-02-24 01:36:05,724 | INFO | Order=(1, 0, 2) progress 600/4014 | fails=0 | elapsed=33.8s
2026-02-24 01:36:07,112 | INFO | Order=(1, 0, 2) progress 625/4014 | fails=0 | elapsed=35.2s
2026-02-24 01:36:08,509 | INFO | Order=(1, 0, 2) progress 650/4014 | fails=0 | elapsed=36.6s
2026-02-24 01:36:09,895 | INFO | Order=(1, 0, 2) progress 675/4014 | fails=0 | elapsed=38.0s
2026-02-24 01:36:11,317 | INFO | Order=(1, 0, 2) progress 700/4014 | fails=0 | elapsed=39.4s
2026-02-24 01:36:12,647 | INFO | Order=(1, 0, 2) progress 725/4014 | fails=0 | elapsed=40.7s
2026-02-24 01:36:13,979 | INFO | Order=(1, 0, 2) progress 750/4014 | fails=0 | elapsed=42.1s
2026-02-24 01:36:15,341 | INFO | Order=(1, 0, 2) progress 775/4014 | fails=0 | elapsed=43.4s
2026-02-24 01:36:16,720 | INFO | Order=(1, 0, 2) progress 800/4014 | fails=0 | elapsed=44.8s
2026-02-24 01:36:18,093 | INFO | Order=(1, 0, 2) progress 825/4014 | fails=0 | elapsed=46.2s
2026-02-24 01:36:19,390 | INFO | Order=(1, 0, 2) progress 850/4014 | fails=0 | elapsed=47.5s
2026-02-24 01:36:20,721 | INFO | Order=(1, 0, 2) progress 875/4014 | fails=0 | elapsed=48.8s
2026-02-24 01:36:22,106 | INFO | Order=(1, 0, 2) progress 900/4014 | fails=0 | elapsed=50.2s
2026-02-24 01:36:23,494 | INFO | Order=(1, 0, 2) progress 925/4014 | fails=0 | elapsed=51.6s
2026-02-24 01:36:24,845 | INFO | Order=(1, 0, 2) progress 950/4014 | fails=0 | elapsed=52.9s
2026-02-24 01:36:26,170 | INFO | Order=(1, 0, 2) progress 975/4014 | fails=0 | elapsed=54.3s
2026-02-24 01:36:27,526 | INFO | Order=(1, 0, 2) progress 1000/4014 | fails=0 | elapsed=55.6s
2026-02-24 01:36:28,837 | INFO | Order=(1, 0, 2) progress 1025/4014 | fails=0 | elapsed=56.9s
2026-02-24 01:36:30,233 | INFO | Order=(1, 0, 2) progress 1050/4014 | fails=0 | elapsed=58.3s
2026-02-24 01:36:31,562 | INFO | Order=(1, 0, 2) progress 1075/4014 | fails=0 | elapsed=59.6s
2026-02-24 01:36:32,967 | INFO | Order=(1, 0, 2) progress 1100/4014 | fails=0 | elapsed=61.1s
2026-02-24 01:36:34,280 | INFO | Order=(1, 0, 2) progress 1125/4014 | fails=0 | elapsed=62.4s
2026-02-24 01:36:35,646 | INFO | Order=(1, 0, 2) progress 1150/4014 | fails=0 | elapsed=63.7s
2026-02-24 01:36:36,975 | INFO | Order=(1, 0, 2) progress 1175/4014 | fails=0 | elapsed=65.1s
2026-02-24 01:36:38,352 | INFO | Order=(1, 0, 2) progress 1200/4014 | fails=0 | elapsed=66.4s
2026-02-24 01:36:39,717 | INFO | Order=(1, 0, 2) progress 1225/4014 | fails=0 | elapsed=67.8s
2026-02-24 01:36:41,036 | INFO | Order=(1, 0, 2) progress 1250/4014 | fails=0 | elapsed=69.1s
2026-02-24 01:36:42,298 | INFO | Order=(1, 0, 2) progress 1275/4014 | fails=0 | elapsed=70.4s
2026-02-24 01:36:43,586 | INFO | Order=(1, 0, 2) progress 1300/4014 | fails=0 | elapsed=71.7s
2026-02-24 01:36:44,982 | INFO | Order=(1, 0, 2) progress 1325/4014 | fails=0 | elapsed=73.1s
2026-02-24 01:36:46,101 | INFO | Order=(1, 0, 2) progress 1350/4014 | fails=0 | elapsed=74.2s
2026-02-24 01:36:47,446 | INFO | Order=(1, 0, 2) progress 1375/4014 | fails=0 | elapsed=75.5s
2026-02-24 01:36:48,827 | INFO | Order=(1, 0, 2) progress 1400/4014 | fails=0 | elapsed=76.9s
2026-02-24 01:36:50,173 | INFO | Order=(1, 0, 2) progress 1425/4014 | fails=0 | elapsed=78.3s
2026-02-24 01:36:51,437 | INFO | Order=(1, 0, 2) progress 1450/4014 | fails=0 | elapsed=79.5s
2026-02-24 01:36:52,734 | INFO | Order=(1, 0, 2) progress 1475/4014 | fails=0 | elapsed=80.8s
2026-02-24 01:36:54,112 | INFO | Order=(1, 0, 2) progress 1500/4014 | fails=0 | elapsed=82.2s
2026-02-24 01:36:55,446 | INFO | Order=(1, 0, 2) progress 1525/4014 | fails=0 | elapsed=83.5s
2026-02-24 01:36:56,716 | INFO | Order=(1, 0, 2) progress 1550/4014 | fails=0 | elapsed=84.8s
2026-02-24 01:36:58,117 | INFO | Order=(1, 0, 2) progress 1575/4014 | fails=0 | elapsed=86.2s
2026-02-24 01:36:59,333 | INFO | Order=(1, 0, 2) progress 1600/4014 | fails=0 | elapsed=87.4s
2026-02-24 01:37:00,559 | INFO | Order=(1, 0, 2) progress 1625/4014 | fails=0 | elapsed=88.6s
2026-02-24 01:37:01,868 | INFO | Order=(1, 0, 2) progress 1650/4014 | fails=0 | elapsed=90.0s
2026-02-24 01:37:03,169 | INFO | Order=(1, 0, 2) progress 1675/4014 | fails=0 | elapsed=91.3s
2026-02-24 01:37:04,629 | INFO | Order=(1, 0, 2) progress 1700/4014 | fails=0 | elapsed=92.7s
2026-02-24 01:37:05,959 | INFO | Order=(1, 0, 2) progress 1725/4014 | fails=0 | elapsed=94.0s
2026-02-24 01:37:07,298 | INFO | Order=(1, 0, 2) progress 1750/4014 | fails=0 | elapsed=95.4s
2026-02-24 01:37:08,649 | INFO | Order=(1, 0, 2) progress 1775/4014 | fails=0 | elapsed=96.7s
2026-02-24 01:37:09,660 | INFO | Order=(1, 0, 2) progress 1800/4014 | fails=0 | elapsed=97.7s
2026-02-24 01:37:11,106 | INFO | Order=(1, 0, 2) progress 1825/4014 | fails=0 | elapsed=99.2s
2026-02-24 01:37:12,383 | INFO | Order=(1, 0, 2) progress 1850/4014 | fails=0 | elapsed=100.5s
2026-02-24 01:37:13,608 | INFO | Order=(1, 0, 2) progress 1875/4014 | fails=0 | elapsed=101.7s
2026-02-24 01:37:15,011 | INFO | Order=(1, 0, 2) progress 1900/4014 | fails=0 | elapsed=103.1s
2026-02-24 01:37:16,171 | INFO | Order=(1, 0, 2) progress 1925/4014 | fails=0 | elapsed=104.3s
2026-02-24 01:37:17,479 | INFO | Order=(1, 0, 2) progress 1950/4014 | fails=0 | elapsed=105.6s
2026-02-24 01:37:18,619 | INFO | Order=(1, 0, 2) progress 1975/4014 | fails=0 | elapsed=106.7s
2026-02-24 01:37:19,867 | INFO | Order=(1, 0, 2) progress 2000/4014 | fails=0 | elapsed=108.0s
2026-02-24 01:37:21,246 | INFO | Order=(1, 0, 2) progress 2025/4014 | fails=0 | elapsed=109.3s
2026-02-24 01:37:22,552 | INFO | Order=(1, 0, 2) progress 2050/4014 | fails=0 | elapsed=110.6s
2026-02-24 01:37:23,930 | INFO | Order=(1, 0, 2) progress 2075/4014 | fails=0 | elapsed=112.0s
2026-02-24 01:37:25,248 | INFO | Order=(1, 0, 2) progress 2100/4014 | fails=0 | elapsed=113.3s
2026-02-24 01:37:26,639 | INFO | Order=(1, 0, 2) progress 2125/4014 | fails=0 | elapsed=114.7s
2026-02-24 01:37:27,910 | INFO | Order=(1, 0, 2) progress 2150/4014 | fails=0 | elapsed=116.0s
2026-02-24 01:37:29,333 | INFO | Order=(1, 0, 2) progress 2175/4014 | fails=0 | elapsed=117.4s
2026-02-24 01:37:30,712 | INFO | Order=(1, 0, 2) progress 2200/4014 | fails=0 | elapsed=118.8s
2026-02-24 01:37:32,092 | INFO | Order=(1, 0, 2) progress 2225/4014 | fails=0 | elapsed=120.2s
2026-02-24 01:37:33,476 | INFO | Order=(1, 0, 2) progress 2250/4014 | fails=0 | elapsed=121.6s
2026-02-24 01:37:34,789 | INFO | Order=(1, 0, 2) progress 2275/4014 | fails=0 | elapsed=122.9s
2026-02-24 01:37:36,089 | INFO | Order=(1, 0, 2) progress 2300/4014 | fails=0 | elapsed=124.2s
2026-02-24 01:37:37,309 | INFO | Order=(1, 0, 2) progress 2325/4014 | fails=0 | elapsed=125.4s
2026-02-24 01:37:38,558 | INFO | Order=(1, 0, 2) progress 2350/4014 | fails=0 | elapsed=126.6s
2026-02-24 01:37:39,913 | INFO | Order=(1, 0, 2) progress 2375/4014 | fails=0 | elapsed=128.0s
2026-02-24 01:37:41,204 | INFO | Order=(1, 0, 2) progress 2400/4014 | fails=0 | elapsed=129.3s
2026-02-24 01:37:42,464 | INFO | Order=(1, 0, 2) progress 2425/4014 | fails=0 | elapsed=130.5s
2026-02-24 01:37:43,577 | INFO | Order=(1, 0, 2) progress 2450/4014 | fails=0 | elapsed=131.7s
2026-02-24 01:37:44,489 | INFO | Order=(1, 0, 2) progress 2475/4014 | fails=0 | elapsed=132.6s
2026-02-24 01:37:45,688 | INFO | Order=(1, 0, 2) progress 2500/4014 | fails=0 | elapsed=133.8s
2026-02-24 01:37:46,984 | INFO | Order=(1, 0, 2) progress 2525/4014 | fails=0 | elapsed=135.1s
2026-02-24 01:37:48,337 | INFO | Order=(1, 0, 2) progress 2550/4014 | fails=0 | elapsed=136.4s
2026-02-24 01:37:49,674 | INFO | Order=(1, 0, 2) progress 2575/4014 | fails=0 | elapsed=137.8s
2026-02-24 01:37:50,947 | INFO | Order=(1, 0, 2) progress 2600/4014 | fails=0 | elapsed=139.0s
2026-02-24 01:37:52,301 | INFO | Order=(1, 0, 2) progress 2625/4014 | fails=0 | elapsed=140.4s
2026-02-24 01:37:53,502 | INFO | Order=(1, 0, 2) progress 2650/4014 | fails=0 | elapsed=141.6s
2026-02-24 01:37:54,908 | INFO | Order=(1, 0, 2) progress 2675/4014 | fails=0 | elapsed=143.0s
2026-02-24 01:37:56,283 | INFO | Order=(1, 0, 2) progress 2700/4014 | fails=0 | elapsed=144.4s
2026-02-24 01:37:57,523 | INFO | Order=(1, 0, 2) progress 2725/4014 | fails=0 | elapsed=145.6s
2026-02-24 01:37:58,757 | INFO | Order=(1, 0, 2) progress 2750/4014 | fails=0 | elapsed=146.8s
2026-02-24 01:37:59,937 | INFO | Order=(1, 0, 2) progress 2775/4014 | fails=0 | elapsed=148.0s
2026-02-24 01:38:01,240 | INFO | Order=(1, 0, 2) progress 2800/4014 | fails=0 | elapsed=149.3s
2026-02-24 01:38:02,636 | INFO | Order=(1, 0, 2) progress 2825/4014 | fails=0 | elapsed=150.7s
2026-02-24 01:38:03,824 | INFO | Order=(1, 0, 2) progress 2850/4014 | fails=0 | elapsed=151.9s
2026-02-24 01:38:05,145 | INFO | Order=(1, 0, 2) progress 2875/4014 | fails=0 | elapsed=153.2s
2026-02-24 01:38:06,554 | INFO | Order=(1, 0, 2) progress 2900/4014 | fails=0 | elapsed=154.6s
2026-02-24 01:38:07,625 | INFO | Order=(1, 0, 2) progress 2925/4014 | fails=0 | elapsed=155.7s
2026-02-24 01:38:08,792 | INFO | Order=(1, 0, 2) progress 2950/4014 | fails=0 | elapsed=156.9s
2026-02-24 01:38:10,147 | INFO | Order=(1, 0, 2) progress 2975/4014 | fails=0 | elapsed=158.2s
2026-02-24 01:38:11,493 | INFO | Order=(1, 0, 2) progress 3000/4014 | fails=0 | elapsed=159.6s
2026-02-24 01:38:12,900 | INFO | Order=(1, 0, 2) progress 3025/4014 | fails=0 | elapsed=161.0s
2026-02-24 01:38:14,335 | INFO | Order=(1, 0, 2) progress 3050/4014 | fails=0 | elapsed=162.4s
2026-02-24 01:38:15,713 | INFO | Order=(1, 0, 2) progress 3075/4014 | fails=0 | elapsed=163.8s
2026-02-24 01:38:17,133 | INFO | Order=(1, 0, 2) progress 3100/4014 | fails=0 | elapsed=165.2s
2026-02-24 01:38:18,528 | INFO | Order=(1, 0, 2) progress 3125/4014 | fails=0 | elapsed=166.6s
2026-02-24 01:38:19,893 | INFO | Order=(1, 0, 2) progress 3150/4014 | fails=0 | elapsed=168.0s
2026-02-24 01:38:21,294 | INFO | Order=(1, 0, 2) progress 3175/4014 | fails=0 | elapsed=169.4s
2026-02-24 01:38:22,660 | INFO | Order=(1, 0, 2) progress 3200/4014 | fails=0 | elapsed=170.7s
2026-02-24 01:38:23,996 | INFO | Order=(1, 0, 2) progress 3225/4014 | fails=0 | elapsed=172.1s
2026-02-24 01:38:25,407 | INFO | Order=(1, 0, 2) progress 3250/4014 | fails=0 | elapsed=173.5s
2026-02-24 01:38:26,798 | INFO | Order=(1, 0, 2) progress 3275/4014 | fails=0 | elapsed=174.9s
2026-02-24 01:38:28,169 | INFO | Order=(1, 0, 2) progress 3300/4014 | fails=0 | elapsed=176.3s
2026-02-24 01:38:29,408 | INFO | Order=(1, 0, 2) progress 3325/4014 | fails=0 | elapsed=177.5s
2026-02-24 01:38:30,790 | INFO | Order=(1, 0, 2) progress 3350/4014 | fails=0 | elapsed=178.9s
2026-02-24 01:38:31,919 | INFO | Order=(1, 0, 2) progress 3375/4014 | fails=0 | elapsed=180.0s
2026-02-24 01:38:33,362 | INFO | Order=(1, 0, 2) progress 3400/4014 | fails=0 | elapsed=181.4s
2026-02-24 01:38:34,572 | INFO | Order=(1, 0, 2) progress 3425/4014 | fails=0 | elapsed=182.7s
2026-02-24 01:38:35,985 | INFO | Order=(1, 0, 2) progress 3450/4014 | fails=0 | elapsed=184.1s
2026-02-24 01:38:37,084 | INFO | Order=(1, 0, 2) progress 3475/4014 | fails=0 | elapsed=185.2s
2026-02-24 01:38:38,264 | INFO | Order=(1, 0, 2) progress 3500/4014 | fails=0 | elapsed=186.3s
2026-02-24 01:38:39,540 | INFO | Order=(1, 0, 2) progress 3525/4014 | fails=0 | elapsed=187.6s
2026-02-24 01:38:40,748 | INFO | Order=(1, 0, 2) progress 3550/4014 | fails=0 | elapsed=188.8s
2026-02-24 01:38:41,977 | INFO | Order=(1, 0, 2) progress 3575/4014 | fails=0 | elapsed=190.1s
2026-02-24 01:38:43,068 | INFO | Order=(1, 0, 2) progress 3600/4014 | fails=0 | elapsed=191.2s
2026-02-24 01:38:44,193 | INFO | Order=(1, 0, 2) progress 3625/4014 | fails=0 | elapsed=192.3s
2026-02-24 01:38:45,606 | INFO | Order=(1, 0, 2) progress 3650/4014 | fails=0 | elapsed=193.7s
2026-02-24 01:38:46,910 | INFO | Order=(1, 0, 2) progress 3675/4014 | fails=0 | elapsed=195.0s
2026-02-24 01:38:48,209 | INFO | Order=(1, 0, 2) progress 3700/4014 | fails=0 | elapsed=196.3s
2026-02-24 01:38:49,545 | INFO | Order=(1, 0, 2) progress 3725/4014 | fails=0 | elapsed=197.6s
2026-02-24 01:38:50,700 | INFO | Order=(1, 0, 2) progress 3750/4014 | fails=0 | elapsed=198.8s
2026-02-24 01:38:51,990 | INFO | Order=(1, 0, 2) progress 3775/4014 | fails=0 | elapsed=200.1s
2026-02-24 01:38:53,414 | INFO | Order=(1, 0, 2) progress 3800/4014 | fails=0 | elapsed=201.5s
2026-02-24 01:38:54,801 | INFO | Order=(1, 0, 2) progress 3825/4014 | fails=0 | elapsed=202.9s
2026-02-24 01:38:56,217 | INFO | Order=(1, 0, 2) progress 3850/4014 | fails=0 | elapsed=204.3s
2026-02-24 01:38:57,501 | INFO | Order=(1, 0, 2) progress 3875/4014 | fails=0 | elapsed=205.6s
2026-02-24 01:38:58,814 | INFO | Order=(1, 0, 2) progress 3900/4014 | fails=0 | elapsed=206.9s
2026-02-24 01:38:59,987 | INFO | Order=(1, 0, 2) progress 3925/4014 | fails=0 | elapsed=208.1s
2026-02-24 01:39:01,297 | INFO | Order=(1, 0, 2) progress 3950/4014 | fails=0 | elapsed=209.4s
2026-02-24 01:39:02,677 | INFO | Order=(1, 0, 2) progress 3975/4014 | fails=0 | elapsed=210.8s
2026-02-24 01:39:03,977 | INFO | Order=(1, 0, 2) progress 4000/4014 | fails=0 | elapsed=212.1s
2026-02-24 01:39:04,670 | INFO | Order=(1, 0, 2) progress 4014/4014 | fails=0 | elapsed=212.8s
2026-02-24 01:39:04,672 | INFO | Order=(1, 0, 2) RMSE=0.040926 | ok_preds=4014/4014 | preds=arimax_run\preds_order_1_0_2.csv
2026-02-24 01:39:04,674 | INFO | --- Trying order=(2, 0, 2) ---
2026-02-24 01:39:06,118 | INFO | Order=(2, 0, 2) progress 25/4014 | fails=0 | elapsed=1.4s
2026-02-24 01:39:07,685 | INFO | Order=(2, 0, 2) progress 50/4014 | fails=0 | elapsed=3.0s
2026-02-24 01:39:09,268 | INFO | Order=(2, 0, 2) progress 75/4014 | fails=0 | elapsed=4.6s
2026-02-24 01:39:10,916 | INFO | Order=(2, 0, 2) progress 100/4014 | fails=0 | elapsed=6.2s
2026-02-24 01:39:12,484 | INFO | Order=(2, 0, 2) progress 125/4014 | fails=0 | elapsed=7.8s
2026-02-24 01:39:14,016 | INFO | Order=(2, 0, 2) progress 150/4014 | fails=0 | elapsed=9.3s
2026-02-24 01:39:15,560 | INFO | Order=(2, 0, 2) progress 175/4014 | fails=0 | elapsed=10.9s
2026-02-24 01:39:17,176 | INFO | Order=(2, 0, 2) progress 200/4014 | fails=0 | elapsed=12.5s
2026-02-24 01:39:18,706 | INFO | Order=(2, 0, 2) progress 225/4014 | fails=0 | elapsed=14.0s
2026-02-24 01:39:20,298 | INFO | Order=(2, 0, 2) progress 250/4014 | fails=0 | elapsed=15.6s
2026-02-24 01:39:22,041 | INFO | Order=(2, 0, 2) progress 275/4014 | fails=0 | elapsed=17.4s
2026-02-24 01:39:23,657 | INFO | Order=(2, 0, 2) progress 300/4014 | fails=0 | elapsed=19.0s
2026-02-24 01:39:25,210 | INFO | Order=(2, 0, 2) progress 325/4014 | fails=0 | elapsed=20.5s
2026-02-24 01:39:26,787 | INFO | Order=(2, 0, 2) progress 350/4014 | fails=0 | elapsed=22.1s
2026-02-24 01:39:28,136 | INFO | Order=(2, 0, 2) progress 375/4014 | fails=0 | elapsed=23.5s
2026-02-24 01:39:29,576 | INFO | Order=(2, 0, 2) progress 400/4014 | fails=0 | elapsed=24.9s
2026-02-24 01:39:30,952 | INFO | Order=(2, 0, 2) progress 425/4014 | fails=0 | elapsed=26.3s
2026-02-24 01:39:32,237 | INFO | Order=(2, 0, 2) progress 450/4014 | fails=0 | elapsed=27.6s
2026-02-24 01:39:33,630 | INFO | Order=(2, 0, 2) progress 475/4014 | fails=0 | elapsed=29.0s
2026-02-24 01:39:35,068 | INFO | Order=(2, 0, 2) progress 500/4014 | fails=0 | elapsed=30.4s
2026-02-24 01:39:36,377 | INFO | Order=(2, 0, 2) progress 525/4014 | fails=0 | elapsed=31.7s
2026-02-24 01:39:37,847 | INFO | Order=(2, 0, 2) progress 550/4014 | fails=0 | elapsed=33.2s
2026-02-24 01:39:39,341 | INFO | Order=(2, 0, 2) progress 575/4014 | fails=0 | elapsed=34.7s
2026-02-24 01:39:40,828 | INFO | Order=(2, 0, 2) progress 600/4014 | fails=0 | elapsed=36.2s
2026-02-24 01:39:42,281 | INFO | Order=(2, 0, 2) progress 625/4014 | fails=0 | elapsed=37.6s
2026-02-24 01:39:43,760 | INFO | Order=(2, 0, 2) progress 650/4014 | fails=0 | elapsed=39.1s
2026-02-24 01:39:45,106 | INFO | Order=(2, 0, 2) progress 675/4014 | fails=0 | elapsed=40.4s
2026-02-24 01:39:46,584 | INFO | Order=(2, 0, 2) progress 700/4014 | fails=0 | elapsed=41.9s
2026-02-24 01:39:47,995 | INFO | Order=(2, 0, 2) progress 725/4014 | fails=0 | elapsed=43.3s
2026-02-24 01:39:49,445 | INFO | Order=(2, 0, 2) progress 750/4014 | fails=0 | elapsed=44.8s
2026-02-24 01:39:50,888 | INFO | Order=(2, 0, 2) progress 775/4014 | fails=0 | elapsed=46.2s
2026-02-24 01:39:52,356 | INFO | Order=(2, 0, 2) progress 800/4014 | fails=0 | elapsed=47.7s
2026-02-24 01:39:53,735 | INFO | Order=(2, 0, 2) progress 825/4014 | fails=0 | elapsed=49.1s
2026-02-24 01:39:55,109 | INFO | Order=(2, 0, 2) progress 850/4014 | fails=0 | elapsed=50.4s
2026-02-24 01:39:56,576 | INFO | Order=(2, 0, 2) progress 875/4014 | fails=0 | elapsed=51.9s
2026-02-24 01:39:57,938 | INFO | Order=(2, 0, 2) progress 900/4014 | fails=0 | elapsed=53.3s
2026-02-24 01:39:59,479 | INFO | Order=(2, 0, 2) progress 925/4014 | fails=0 | elapsed=54.8s
2026-02-24 01:40:00,951 | INFO | Order=(2, 0, 2) progress 950/4014 | fails=0 | elapsed=56.3s
2026-02-24 01:40:02,321 | INFO | Order=(2, 0, 2) progress 975/4014 | fails=0 | elapsed=57.6s
2026-02-24 01:40:03,651 | INFO | Order=(2, 0, 2) progress 1000/4014 | fails=0 | elapsed=59.0s
2026-02-24 01:40:05,137 | INFO | Order=(2, 0, 2) progress 1025/4014 | fails=0 | elapsed=60.5s
2026-02-24 01:40:06,620 | INFO | Order=(2, 0, 2) progress 1050/4014 | fails=0 | elapsed=61.9s
2026-02-24 01:40:08,036 | INFO | Order=(2, 0, 2) progress 1075/4014 | fails=0 | elapsed=63.4s
2026-02-24 01:40:09,468 | INFO | Order=(2, 0, 2) progress 1100/4014 | fails=0 | elapsed=64.8s
2026-02-24 01:40:10,967 | INFO | Order=(2, 0, 2) progress 1125/4014 | fails=0 | elapsed=66.3s
2026-02-24 01:40:12,499 | INFO | Order=(2, 0, 2) progress 1150/4014 | fails=0 | elapsed=67.8s
2026-02-24 01:40:13,966 | INFO | Order=(2, 0, 2) progress 1175/4014 | fails=0 | elapsed=69.3s
2026-02-24 01:40:15,391 | INFO | Order=(2, 0, 2) progress 1200/4014 | fails=0 | elapsed=70.7s
2026-02-24 01:40:17,119 | INFO | Order=(2, 0, 2) progress 1225/4014 | fails=0 | elapsed=72.4s
2026-02-24 01:40:18,704 | INFO | Order=(2, 0, 2) progress 1250/4014 | fails=0 | elapsed=74.0s
2026-02-24 01:40:20,175 | INFO | Order=(2, 0, 2) progress 1275/4014 | fails=0 | elapsed=75.5s
2026-02-24 01:40:21,696 | INFO | Order=(2, 0, 2) progress 1300/4014 | fails=0 | elapsed=77.0s
2026-02-24 01:40:23,171 | INFO | Order=(2, 0, 2) progress 1325/4014 | fails=0 | elapsed=78.5s
2026-02-24 01:40:24,733 | INFO | Order=(2, 0, 2) progress 1350/4014 | fails=0 | elapsed=80.1s
2026-02-24 01:40:26,316 | INFO | Order=(2, 0, 2) progress 1375/4014 | fails=0 | elapsed=81.6s
2026-02-24 01:40:27,833 | INFO | Order=(2, 0, 2) progress 1400/4014 | fails=0 | elapsed=83.2s
2026-02-24 01:40:29,367 | INFO | Order=(2, 0, 2) progress 1425/4014 | fails=0 | elapsed=84.7s
2026-02-24 01:40:30,910 | INFO | Order=(2, 0, 2) progress 1450/4014 | fails=0 | elapsed=86.2s
2026-02-24 01:40:32,433 | INFO | Order=(2, 0, 2) progress 1475/4014 | fails=0 | elapsed=87.8s
2026-02-24 01:40:33,922 | INFO | Order=(2, 0, 2) progress 1500/4014 | fails=0 | elapsed=89.2s
2026-02-24 01:40:35,516 | INFO | Order=(2, 0, 2) progress 1525/4014 | fails=0 | elapsed=90.8s
2026-02-24 01:40:37,063 | INFO | Order=(2, 0, 2) progress 1550/4014 | fails=0 | elapsed=92.4s
2026-02-24 01:40:38,689 | INFO | Order=(2, 0, 2) progress 1575/4014 | fails=0 | elapsed=94.0s
2026-02-24 01:40:40,371 | INFO | Order=(2, 0, 2) progress 1600/4014 | fails=0 | elapsed=95.7s
2026-02-24 01:40:42,034 | INFO | Order=(2, 0, 2) progress 1625/4014 | fails=0 | elapsed=97.4s
2026-02-24 01:40:43,621 | INFO | Order=(2, 0, 2) progress 1650/4014 | fails=0 | elapsed=98.9s
2026-02-24 01:40:45,110 | INFO | Order=(2, 0, 2) progress 1675/4014 | fails=0 | elapsed=100.4s
2026-02-24 01:40:46,702 | INFO | Order=(2, 0, 2) progress 1700/4014 | fails=0 | elapsed=102.0s
2026-02-24 01:40:48,328 | INFO | Order=(2, 0, 2) progress 1725/4014 | fails=0 | elapsed=103.7s
2026-02-24 01:40:49,852 | INFO | Order=(2, 0, 2) progress 1750/4014 | fails=0 | elapsed=105.2s
2026-02-24 01:40:51,342 | INFO | Order=(2, 0, 2) progress 1775/4014 | fails=0 | elapsed=106.7s
2026-02-24 01:40:52,745 | INFO | Order=(2, 0, 2) progress 1800/4014 | fails=0 | elapsed=108.1s
2026-02-24 01:40:54,256 | INFO | Order=(2, 0, 2) progress 1825/4014 | fails=0 | elapsed=109.6s
2026-02-24 01:40:55,784 | INFO | Order=(2, 0, 2) progress 1850/4014 | fails=0 | elapsed=111.1s
2026-02-24 01:40:57,322 | INFO | Order=(2, 0, 2) progress 1875/4014 | fails=0 | elapsed=112.6s
2026-02-24 01:40:58,945 | INFO | Order=(2, 0, 2) progress 1900/4014 | fails=0 | elapsed=114.3s
2026-02-24 01:41:00,477 | INFO | Order=(2, 0, 2) progress 1925/4014 | fails=0 | elapsed=115.8s
2026-02-24 01:41:01,969 | INFO | Order=(2, 0, 2) progress 1950/4014 | fails=0 | elapsed=117.3s
2026-02-24 01:41:03,455 | INFO | Order=(2, 0, 2) progress 1975/4014 | fails=0 | elapsed=118.8s
2026-02-24 01:41:04,958 | INFO | Order=(2, 0, 2) progress 2000/4014 | fails=0 | elapsed=120.3s
2026-02-24 01:41:06,647 | INFO | Order=(2, 0, 2) progress 2025/4014 | fails=0 | elapsed=122.0s
2026-02-24 01:41:08,287 | INFO | Order=(2, 0, 2) progress 2050/4014 | fails=0 | elapsed=123.6s
2026-02-24 01:41:09,629 | INFO | Order=(2, 0, 2) progress 2075/4014 | fails=0 | elapsed=125.0s
2026-02-24 01:41:10,541 | INFO | Order=(2, 0, 2) progress 2100/4014 | fails=0 | elapsed=125.9s
2026-02-24 01:41:11,674 | INFO | Order=(2, 0, 2) progress 2125/4014 | fails=0 | elapsed=127.0s
2026-02-24 01:41:12,789 | INFO | Order=(2, 0, 2) progress 2150/4014 | fails=0 | elapsed=128.1s
2026-02-24 01:41:13,823 | INFO | Order=(2, 0, 2) progress 2175/4014 | fails=0 | elapsed=129.1s
2026-02-24 01:41:15,189 | INFO | Order=(2, 0, 2) progress 2200/4014 | fails=0 | elapsed=130.5s
2026-02-24 01:41:16,618 | INFO | Order=(2, 0, 2) progress 2225/4014 | fails=0 | elapsed=131.9s
2026-02-24 01:41:18,019 | INFO | Order=(2, 0, 2) progress 2250/4014 | fails=0 | elapsed=133.3s
2026-02-24 01:41:19,090 | INFO | Order=(2, 0, 2) progress 2275/4014 | fails=0 | elapsed=134.4s
2026-02-24 01:41:20,007 | INFO | Order=(2, 0, 2) progress 2300/4014 | fails=0 | elapsed=135.3s
2026-02-24 01:41:21,033 | INFO | Order=(2, 0, 2) progress 2325/4014 | fails=0 | elapsed=136.4s
2026-02-24 01:41:22,087 | INFO | Order=(2, 0, 2) progress 2350/4014 | fails=0 | elapsed=137.4s
2026-02-24 01:41:22,974 | INFO | Order=(2, 0, 2) progress 2375/4014 | fails=0 | elapsed=138.3s
2026-02-24 01:41:24,068 | INFO | Order=(2, 0, 2) progress 2400/4014 | fails=0 | elapsed=139.4s
2026-02-24 01:41:24,932 | INFO | Order=(2, 0, 2) progress 2425/4014 | fails=0 | elapsed=140.3s
2026-02-24 01:41:25,857 | INFO | Order=(2, 0, 2) progress 2450/4014 | fails=0 | elapsed=141.2s
2026-02-24 01:41:26,644 | INFO | Order=(2, 0, 2) progress 2475/4014 | fails=0 | elapsed=142.0s
2026-02-24 01:41:27,702 | INFO | Order=(2, 0, 2) progress 2500/4014 | fails=0 | elapsed=143.0s
2026-02-24 01:41:28,908 | INFO | Order=(2, 0, 2) progress 2525/4014 | fails=0 | elapsed=144.2s
2026-02-24 01:41:30,341 | INFO | Order=(2, 0, 2) progress 2550/4014 | fails=0 | elapsed=145.7s
2026-02-24 01:41:31,718 | INFO | Order=(2, 0, 2) progress 2575/4014 | fails=0 | elapsed=147.0s
2026-02-24 01:41:32,693 | INFO | Order=(2, 0, 2) progress 2600/4014 | fails=0 | elapsed=148.0s
2026-02-24 01:41:33,998 | INFO | Order=(2, 0, 2) progress 2625/4014 | fails=0 | elapsed=149.3s
2026-02-24 01:41:35,314 | INFO | Order=(2, 0, 2) progress 2650/4014 | fails=0 | elapsed=150.6s
2026-02-24 01:41:36,783 | INFO | Order=(2, 0, 2) progress 2675/4014 | fails=0 | elapsed=152.1s
2026-02-24 01:41:38,025 | INFO | Order=(2, 0, 2) progress 2700/4014 | fails=0 | elapsed=153.3s
2026-02-24 01:41:39,099 | INFO | Order=(2, 0, 2) progress 2725/4014 | fails=0 | elapsed=154.4s
2026-02-24 01:41:40,114 | INFO | Order=(2, 0, 2) progress 2750/4014 | fails=0 | elapsed=155.4s
2026-02-24 01:41:41,226 | INFO | Order=(2, 0, 2) progress 2775/4014 | fails=0 | elapsed=156.6s
2026-02-24 01:41:42,266 | INFO | Order=(2, 0, 2) progress 2800/4014 | fails=0 | elapsed=157.6s
2026-02-24 01:41:43,510 | INFO | Order=(2, 0, 2) progress 2825/4014 | fails=0 | elapsed=158.8s
2026-02-24 01:41:44,528 | INFO | Order=(2, 0, 2) progress 2850/4014 | fails=0 | elapsed=159.9s
2026-02-24 01:41:45,566 | INFO | Order=(2, 0, 2) progress 2875/4014 | fails=0 | elapsed=160.9s
2026-02-24 01:41:46,721 | INFO | Order=(2, 0, 2) progress 2900/4014 | fails=0 | elapsed=162.0s
2026-02-24 01:41:47,824 | INFO | Order=(2, 0, 2) progress 2925/4014 | fails=0 | elapsed=163.1s
2026-02-24 01:41:48,773 | INFO | Order=(2, 0, 2) progress 2950/4014 | fails=0 | elapsed=164.1s
2026-02-24 01:41:49,906 | INFO | Order=(2, 0, 2) progress 2975/4014 | fails=0 | elapsed=165.2s
2026-02-24 01:41:50,972 | INFO | Order=(2, 0, 2) progress 3000/4014 | fails=0 | elapsed=166.3s
2026-02-24 01:41:52,317 | INFO | Order=(2, 0, 2) progress 3025/4014 | fails=0 | elapsed=167.6s
2026-02-24 01:41:53,727 | INFO | Order=(2, 0, 2) progress 3050/4014 | fails=0 | elapsed=169.1s
2026-02-24 01:41:55,063 | INFO | Order=(2, 0, 2) progress 3075/4014 | fails=0 | elapsed=170.4s
2026-02-24 01:41:56,402 | INFO | Order=(2, 0, 2) progress 3100/4014 | fails=0 | elapsed=171.7s
2026-02-24 01:41:57,780 | INFO | Order=(2, 0, 2) progress 3125/4014 | fails=0 | elapsed=173.1s
2026-02-24 01:41:59,105 | INFO | Order=(2, 0, 2) progress 3150/4014 | fails=0 | elapsed=174.4s
2026-02-24 01:42:00,462 | INFO | Order=(2, 0, 2) progress 3175/4014 | fails=0 | elapsed=175.8s
2026-02-24 01:42:01,832 | INFO | Order=(2, 0, 2) progress 3200/4014 | fails=0 | elapsed=177.2s
2026-02-24 01:42:03,225 | INFO | Order=(2, 0, 2) progress 3225/4014 | fails=0 | elapsed=178.6s
2026-02-24 01:42:04,703 | INFO | Order=(2, 0, 2) progress 3250/4014 | fails=0 | elapsed=180.0s
2026-02-24 01:42:06,127 | INFO | Order=(2, 0, 2) progress 3275/4014 | fails=0 | elapsed=181.5s
2026-02-24 01:42:07,531 | INFO | Order=(2, 0, 2) progress 3300/4014 | fails=0 | elapsed=182.9s
2026-02-24 01:42:08,753 | INFO | Order=(2, 0, 2) progress 3325/4014 | fails=0 | elapsed=184.1s
2026-02-24 01:42:10,073 | INFO | Order=(2, 0, 2) progress 3350/4014 | fails=0 | elapsed=185.4s
2026-02-24 01:42:11,349 | INFO | Order=(2, 0, 2) progress 3375/4014 | fails=0 | elapsed=186.7s
2026-02-24 01:42:12,719 | INFO | Order=(2, 0, 2) progress 3400/4014 | fails=0 | elapsed=188.0s
2026-02-24 01:42:14,268 | INFO | Order=(2, 0, 2) progress 3425/4014 | fails=0 | elapsed=189.6s
2026-02-24 01:42:15,767 | INFO | Order=(2, 0, 2) progress 3450/4014 | fails=0 | elapsed=191.1s
2026-02-24 01:42:17,241 | INFO | Order=(2, 0, 2) progress 3475/4014 | fails=0 | elapsed=192.6s
2026-02-24 01:42:18,834 | INFO | Order=(2, 0, 2) progress 3500/4014 | fails=0 | elapsed=194.2s
2026-02-24 01:42:20,304 | INFO | Order=(2, 0, 2) progress 3525/4014 | fails=0 | elapsed=195.6s
2026-02-24 01:42:21,665 | INFO | Order=(2, 0, 2) progress 3550/4014 | fails=0 | elapsed=197.0s
2026-02-24 01:42:23,109 | INFO | Order=(2, 0, 2) progress 3575/4014 | fails=0 | elapsed=198.4s
2026-02-24 01:42:24,596 | INFO | Order=(2, 0, 2) progress 3600/4014 | fails=0 | elapsed=199.9s
2026-02-24 01:42:26,027 | INFO | Order=(2, 0, 2) progress 3625/4014 | fails=0 | elapsed=201.4s
2026-02-24 01:42:27,572 | INFO | Order=(2, 0, 2) progress 3650/4014 | fails=0 | elapsed=202.9s
2026-02-24 01:42:29,041 | INFO | Order=(2, 0, 2) progress 3675/4014 | fails=0 | elapsed=204.4s
2026-02-24 01:42:30,575 | INFO | Order=(2, 0, 2) progress 3700/4014 | fails=0 | elapsed=205.9s
2026-02-24 01:42:32,007 | INFO | Order=(2, 0, 2) progress 3725/4014 | fails=0 | elapsed=207.3s
2026-02-24 01:42:33,575 | INFO | Order=(2, 0, 2) progress 3750/4014 | fails=0 | elapsed=208.9s
2026-02-24 01:42:35,086 | INFO | Order=(2, 0, 2) progress 3775/4014 | fails=0 | elapsed=210.4s
2026-02-24 01:42:36,575 | INFO | Order=(2, 0, 2) progress 3800/4014 | fails=0 | elapsed=211.9s
2026-02-24 01:42:38,009 | INFO | Order=(2, 0, 2) progress 3825/4014 | fails=0 | elapsed=213.3s
2026-02-24 01:42:39,493 | INFO | Order=(2, 0, 2) progress 3850/4014 | fails=0 | elapsed=214.8s
2026-02-24 01:42:40,852 | INFO | Order=(2, 0, 2) progress 3875/4014 | fails=0 | elapsed=216.2s
2026-02-24 01:42:42,301 | INFO | Order=(2, 0, 2) progress 3900/4014 | fails=0 | elapsed=217.6s
2026-02-24 01:42:43,751 | INFO | Order=(2, 0, 2) progress 3925/4014 | fails=0 | elapsed=219.1s
2026-02-24 01:42:45,192 | INFO | Order=(2, 0, 2) progress 3950/4014 | fails=0 | elapsed=220.5s
2026-02-24 01:42:46,617 | INFO | Order=(2, 0, 2) progress 3975/4014 | fails=0 | elapsed=221.9s
2026-02-24 01:42:48,047 | INFO | Order=(2, 0, 2) progress 4000/4014 | fails=0 | elapsed=223.4s
2026-02-24 01:42:48,901 | INFO | Order=(2, 0, 2) progress 4014/4014 | fails=0 | elapsed=224.2s
2026-02-24 01:42:48,903 | INFO | Order=(2, 0, 2) RMSE=0.043588 | ok_preds=4014/4014 | preds=arimax_run\preds_order_2_0_2.csv
2026-02-24 01:42:48,905 | INFO | ===== BEST ORDER: (1, 0, 1) | RMSE=0.038062 =====
2026-02-24 01:42:48,913 | INFO | Saved best-order predictions to: arimax_run\best_order_predictions.csv
2026-02-24 01:42:48,914 | INFO | Fitting best model on FULL data with order=(1, 0, 1) ...
2026-02-24 01:42:50,661 | INFO | Saved best full-fit model to: arimax_run\best_model_fullfit.pkl
2026-02-24 01:42:50,662 | INFO | ===== DONE =====
